The target system is: Generic -  - 
The host system is: Linux - 5.13.0-28-generic - x86_64
Compiling the C compiler identification source file "CMakeCCompilerId.c" succeeded.
Compiler: /home/torstein/.espressif/tools/xtensa-esp32s2-elf/esp-2021r2-8.4.0/xtensa-esp32s2-elf/bin/xtensa-esp32s2-elf-gcc 
Build flags: -mlongcalls
Id flags:  

The output was:
0


Compilation of the C compiler identification source "CMakeCCompilerId.c" produced "a.out"

The C compiler identification is GNU, found in "/home/torstein/Documents/touch1.1/touch_element_waterproof/build/bootloader/CMakeFiles/3.20.3/CompilerIdC/a.out"

Compiling the CXX compiler identification source file "CMakeCXXCompilerId.cpp" succeeded.
Compiler: /home/torstein/.espressif/tools/xtensa-esp32s2-elf/esp-2021r2-8.4.0/xtensa-esp32s2-elf/bin/xtensa-esp32s2-elf-g++ 
Build flags: -mlongcalls
Id flags:  

The output was:
0


Compilation of the CXX compiler identification source "CMakeCXXCompilerId.cpp" produced "a.out"

The CXX compiler identification is GNU, found in "/home/torstein/Documents/touch1.1/touch_element_waterproof/build/bootloader/CMakeFiles/3.20.3/CompilerIdCXX/a.out"

Checking whether the ASM compiler is GNU using "--version" matched "(GNU assembler)|(GCC)|(Free Software Foundation)":
xtensa-esp32s2-elf-gcc (crosstool-NG esp-2021r2) 8.4.0
Copyright (C) 2018 Free Software Foundation, Inc.
This is free software; see the source for copying conditions.  There is NO
warranty; not even for MERCHANTABILITY or FITNESS FOR A PARTICULAR PURPOSE.

Detecting C compiler ABI info compiled with the following output:
Change Dir: /home/torstein/Documents/touch1.1/touch_element_waterproof/build/bootloader/CMakeFiles/CMakeTmp

Run Build Command(s):/home/torstein/.espressif/tools/ninja/1.10.2/ninja cmTC_1b507 && [1/2] Building C object CMakeFiles/cmTC_1b507.dir/CMakeCCompilerABI.c.obj
Using built-in specs.
COLLECT_GCC=/home/torstein/.espressif/tools/xtensa-esp32s2-elf/esp-2021r2-8.4.0/xtensa-esp32s2-elf/bin/xtensa-esp32s2-elf-gcc
Target: xtensa-esp32s2-elf
Configured with: /builds/idf/crosstool-NG/.build/xtensa-esp32s2-elf/src/gcc/configure --build=x86_64-build_pc-linux-gnu --host=x86_64-build_pc-linux-gnu --target=xtensa-esp32s2-elf --prefix=/builds/idf/crosstool-NG/builds/xtensa-esp32s2-elf --with-local-prefix=/builds/idf/crosstool-NG/builds/xtensa-esp32s2-elf/xtensa-esp32s2-elf --with-headers=/builds/idf/crosstool-NG/builds/xtensa-esp32s2-elf/xtensa-esp32s2-elf/include --with-newlib --enable-threads=no --disable-shared --with-pkgversion='crosstool-NG esp-2021r2' --disable-__cxa_atexit --enable-cxx-flags=-ffunction-sections --disable-libgomp --disable-libmudflap --disable-libmpx --disable-libssp --disable-libquadmath --disable-libquadmath-support --with-gmp=/builds/idf/crosstool-NG/.build/xtensa-esp32s2-elf/buildtools --with-mpfr=/builds/idf/crosstool-NG/.build/xtensa-esp32s2-elf/buildtools --with-mpc=/builds/idf/crosstool-NG/.build/xtensa-esp32s2-elf/buildtools --with-isl=/builds/idf/crosstool-NG/.build/xtensa-esp32s2-elf/buildtools --enable-lto --enable-target-optspace --without-long-double-128 --disable-nls --enable-multiarch --enable-languages=c,c++ --disable-libstdcxx-verbose --enable-threads=posix --enable-gcov-custom-rtio --enable-libstdcxx-time=yes
Thread model: posix
gcc version 8.4.0 (crosstool-NG esp-2021r2) 
COLLECT_GCC_OPTIONS='-mlongcalls' '-v' '-o' 'CMakeFiles/cmTC_1b507.dir/CMakeCCompilerABI.c.obj' '-c'
 /home/torstein/.espressif/tools/xtensa-esp32s2-elf/esp-2021r2-8.4.0/xtensa-esp32s2-elf/bin/../libexec/gcc/xtensa-esp32s2-elf/8.4.0/cc1 -quiet -v -iprefix /home/torstein/.espressif/tools/xtensa-esp32s2-elf/esp-2021r2-8.4.0/xtensa-esp32s2-elf/bin/../lib/gcc/xtensa-esp32s2-elf/8.4.0/ /home/torstein/.espressif/tools/cmake/3.20.3/share/cmake-3.20/Modules/CMakeCCompilerABI.c -quiet -dumpbase CMakeCCompilerABI.c -mlongcalls -auxbase-strip CMakeFiles/cmTC_1b507.dir/CMakeCCompilerABI.c.obj -version -o /tmp/ccWAzAeu.s
GNU C17 (crosstool-NG esp-2021r2) version 8.4.0 (xtensa-esp32s2-elf)
	compiled by GNU C version 4.9.2, GMP version 6.2.0, MPFR version 4.0.2, MPC version 1.1.0, isl version isl-0.19-GMP

GGC heuristics: --param ggc-min-expand=100 --param ggc-min-heapsize=131072
ignoring duplicate directory "/home/torstein/.espressif/tools/xtensa-esp32s2-elf/esp-2021r2-8.4.0/xtensa-esp32s2-elf/bin/../lib/gcc/../../lib/gcc/xtensa-esp32s2-elf/8.4.0/include"
ignoring duplicate directory "/home/torstein/.espressif/tools/xtensa-esp32s2-elf/esp-2021r2-8.4.0/xtensa-esp32s2-elf/bin/../lib/gcc/../../lib/gcc/xtensa-esp32s2-elf/8.4.0/include-fixed"
ignoring duplicate directory "/home/torstein/.espressif/tools/xtensa-esp32s2-elf/esp-2021r2-8.4.0/xtensa-esp32s2-elf/bin/../lib/gcc/../../lib/gcc/xtensa-esp32s2-elf/8.4.0/../../../../xtensa-esp32s2-elf/sys-include"
ignoring duplicate directory "/home/torstein/.espressif/tools/xtensa-esp32s2-elf/esp-2021r2-8.4.0/xtensa-esp32s2-elf/bin/../lib/gcc/../../lib/gcc/xtensa-esp32s2-elf/8.4.0/../../../../xtensa-esp32s2-elf/include"
#include "..." search starts here:
#include <...> search starts here:
 /home/torstein/.espressif/tools/xtensa-esp32s2-elf/esp-2021r2-8.4.0/xtensa-esp32s2-elf/bin/../lib/gcc/xtensa-esp32s2-elf/8.4.0/include
 /home/torstein/.espressif/tools/xtensa-esp32s2-elf/esp-2021r2-8.4.0/xtensa-esp32s2-elf/bin/../lib/gcc/xtensa-esp32s2-elf/8.4.0/include-fixed
 /home/torstein/.espressif/tools/xtensa-esp32s2-elf/esp-2021r2-8.4.0/xtensa-esp32s2-elf/bin/../lib/gcc/xtensa-esp32s2-elf/8.4.0/../../../../xtensa-esp32s2-elf/sys-include
 /home/torstein/.espressif/tools/xtensa-esp32s2-elf/esp-2021r2-8.4.0/xtensa-esp32s2-elf/bin/../lib/gcc/xtensa-esp32s2-elf/8.4.0/../../../../xtensa-esp32s2-elf/include
End of search list.
GNU C17 (crosstool-NG esp-2021r2) version 8.4.0 (xtensa-esp32s2-elf)
	compiled by GNU C version 4.9.2, GMP version 6.2.0, MPFR version 4.0.2, MPC version 1.1.0, isl version isl-0.19-GMP

GGC heuristics: --param ggc-min-expand=100 --param ggc-min-heapsize=131072
Compiler executable checksum: 78d983a32738abb23fbf1cdd9bc4cc89
COLLECT_GCC_OPTIONS='-mlongcalls' '-v' '-o' 'CMakeFiles/cmTC_1b507.dir/CMakeCCompilerABI.c.obj' '-c'
 /home/torstein/.espressif/tools/xtensa-esp32s2-elf/esp-2021r2-8.4.0/xtensa-esp32s2-elf/bin/../lib/gcc/xtensa-esp32s2-elf/8.4.0/../../../../xtensa-esp32s2-elf/bin/as --traditional-format --longcalls -o CMakeFiles/cmTC_1b507.dir/CMakeCCompilerABI.c.obj /tmp/ccWAzAeu.s
COMPILER_PATH=/home/torstein/.espressif/tools/xtensa-esp32s2-elf/esp-2021r2-8.4.0/xtensa-esp32s2-elf/bin/../libexec/gcc/xtensa-esp32s2-elf/8.4.0/:/home/torstein/.espressif/tools/xtensa-esp32s2-elf/esp-2021r2-8.4.0/xtensa-esp32s2-elf/bin/../libexec/gcc/:/home/torstein/.espressif/tools/xtensa-esp32s2-elf/esp-2021r2-8.4.0/xtensa-esp32s2-elf/bin/../lib/gcc/xtensa-esp32s2-elf/8.4.0/../../../../xtensa-esp32s2-elf/bin/
LIBRARY_PATH=/home/torstein/.espressif/tools/xtensa-esp32s2-elf/esp-2021r2-8.4.0/xtensa-esp32s2-elf/bin/../lib/gcc/xtensa-esp32s2-elf/8.4.0/:/home/torstein/.espressif/tools/xtensa-esp32s2-elf/esp-2021r2-8.4.0/xtensa-esp32s2-elf/bin/../lib/gcc/:/home/torstein/.espressif/tools/xtensa-esp32s2-elf/esp-2021r2-8.4.0/xtensa-esp32s2-elf/bin/../lib/gcc/xtensa-esp32s2-elf/8.4.0/../../../../xtensa-esp32s2-elf/lib/
COLLECT_GCC_OPTIONS='-mlongcalls' '-v' '-o' 'CMakeFiles/cmTC_1b507.dir/CMakeCCompilerABI.c.obj' '-c'
[2/2] Linking C executable cmTC_1b507
Using built-in specs.
COLLECT_GCC=/home/torstein/.espressif/tools/xtensa-esp32s2-elf/esp-2021r2-8.4.0/xtensa-esp32s2-elf/bin/xtensa-esp32s2-elf-gcc
COLLECT_LTO_WRAPPER=/home/torstein/.espressif/tools/xtensa-esp32s2-elf/esp-2021r2-8.4.0/xtensa-esp32s2-elf/bin/../libexec/gcc/xtensa-esp32s2-elf/8.4.0/lto-wrapper
Target: xtensa-esp32s2-elf
Configured with: /builds/idf/crosstool-NG/.build/xtensa-esp32s2-elf/src/gcc/configure --build=x86_64-build_pc-linux-gnu --host=x86_64-build_pc-linux-gnu --target=xtensa-esp32s2-elf --prefix=/builds/idf/crosstool-NG/builds/xtensa-esp32s2-elf --with-local-prefix=/builds/idf/crosstool-NG/builds/xtensa-esp32s2-elf/xtensa-esp32s2-elf --with-headers=/builds/idf/crosstool-NG/builds/xtensa-esp32s2-elf/xtensa-esp32s2-elf/include --with-newlib --enable-threads=no --disable-shared --with-pkgversion='crosstool-NG esp-2021r2' --disable-__cxa_atexit --enable-cxx-flags=-ffunction-sections --disable-libgomp --disable-libmudflap --disable-libmpx --disable-libssp --disable-libquadmath --disable-libquadmath-support --with-gmp=/builds/idf/crosstool-NG/.build/xtensa-esp32s2-elf/buildtools --with-mpfr=/builds/idf/crosstool-NG/.build/xtensa-esp32s2-elf/buildtools --with-mpc=/builds/idf/crosstool-NG/.build/xtensa-esp32s2-elf/buildtools --with-isl=/builds/idf/crosstool-NG/.build/xtensa-esp32s2-elf/buildtools --enable-lto --enable-target-optspace --without-long-double-128 --disable-nls --enable-multiarch --enable-languages=c,c++ --disable-libstdcxx-verbose --enable-threads=posix --enable-gcov-custom-rtio --enable-libstdcxx-time=yes
Thread model: posix
gcc version 8.4.0 (crosstool-NG esp-2021r2) 
COMPILER_PATH=/home/torstein/.espressif/tools/xtensa-esp32s2-elf/esp-2021r2-8.4.0/xtensa-esp32s2-elf/bin/../libexec/gcc/xtensa-esp32s2-elf/8.4.0/:/home/torstein/.espressif/tools/xtensa-esp32s2-elf/esp-2021r2-8.4.0/xtensa-esp32s2-elf/bin/../libexec/gcc/:/home/torstein/.espressif/tools/xtensa-esp32s2-elf/esp-2021r2-8.4.0/xtensa-esp32s2-elf/bin/../lib/gcc/xtensa-esp32s2-elf/8.4.0/../../../../xtensa-esp32s2-elf/bin/
LIBRARY_PATH=/home/torstein/.espressif/tools/xtensa-esp32s2-elf/esp-2021r2-8.4.0/xtensa-esp32s2-elf/bin/../lib/gcc/xtensa-esp32s2-elf/8.4.0/:/home/torstein/.espressif/tools/xtensa-esp32s2-elf/esp-2021r2-8.4.0/xtensa-esp32s2-elf/bin/../lib/gcc/:/home/torstein/.espressif/tools/xtensa-esp32s2-elf/esp-2021r2-8.4.0/xtensa-esp32s2-elf/bin/../lib/gcc/xtensa-esp32s2-elf/8.4.0/../../../../xtensa-esp32s2-elf/lib/
COLLECT_GCC_OPTIONS='-mlongcalls' '-v' '-o' 'cmTC_1b507'
 /home/torstein/.espressif/tools/xtensa-esp32s2-elf/esp-2021r2-8.4.0/xtensa-esp32s2-elf/bin/../libexec/gcc/xtensa-esp32s2-elf/8.4.0/collect2 -plugin /home/torstein/.espressif/tools/xtensa-esp32s2-elf/esp-2021r2-8.4.0/xtensa-esp32s2-elf/bin/../libexec/gcc/xtensa-esp32s2-elf/8.4.0/liblto_plugin.so -plugin-opt=/home/torstein/.espressif/tools/xtensa-esp32s2-elf/esp-2021r2-8.4.0/xtensa-esp32s2-elf/bin/../libexec/gcc/xtensa-esp32s2-elf/8.4.0/lto-wrapper -plugin-opt=-fresolution=/tmp/ccID9VHv.res -plugin-opt=-pass-through=-lgcc -plugin-opt=-pass-through=-lc -plugin-opt=-pass-through=-lnosys -plugin-opt=-pass-through=-lc -plugin-opt=-pass-through=-lgcc -o cmTC_1b507 /home/torstein/.espressif/tools/xtensa-esp32s2-elf/esp-2021r2-8.4.0/xtensa-esp32s2-elf/bin/../lib/gcc/xtensa-esp32s2-elf/8.4.0/../../../../xtensa-esp32s2-elf/lib/crt0.o /home/torstein/.espressif/tools/xtensa-esp32s2-elf/esp-2021r2-8.4.0/xtensa-esp32s2-elf/bin/../lib/gcc/xtensa-esp32s2-elf/8.4.0/crti.o /home/torstein/.espressif/tools/xtensa-esp32s2-elf/esp-2021r2-8.4.0/xtensa-esp32s2-elf/bin/../lib/gcc/xtensa-esp32s2-elf/8.4.0/crtbegin.o -L/home/torstein/.espressif/tools/xtensa-esp32s2-elf/esp-2021r2-8.4.0/xtensa-esp32s2-elf/bin/../lib/gcc/xtensa-esp32s2-elf/8.4.0 -L/home/torstein/.espressif/tools/xtensa-esp32s2-elf/esp-2021r2-8.4.0/xtensa-esp32s2-elf/bin/../lib/gcc -L/home/torstein/.espressif/tools/xtensa-esp32s2-elf/esp-2021r2-8.4.0/xtensa-esp32s2-elf/bin/../lib/gcc/xtensa-esp32s2-elf/8.4.0/../../../../xtensa-esp32s2-elf/lib CMakeFiles/cmTC_1b507.dir/CMakeCCompilerABI.c.obj -lgcc -lc -lnosys -lc -lgcc /home/torstein/.espressif/tools/xtensa-esp32s2-elf/esp-2021r2-8.4.0/xtensa-esp32s2-elf/bin/../lib/gcc/xtensa-esp32s2-elf/8.4.0/crtend.o /home/torstein/.espressif/tools/xtensa-esp32s2-elf/esp-2021r2-8.4.0/xtensa-esp32s2-elf/bin/../lib/gcc/xtensa-esp32s2-elf/8.4.0/crtn.o
COLLECT_GCC_OPTIONS='-mlongcalls' '-v' '-o' 'cmTC_1b507'



Parsed C implicit include dir info from above output: rv=done
  found start of include info
  found start of implicit include info
    add: [/home/torstein/.espressif/tools/xtensa-esp32s2-elf/esp-2021r2-8.4.0/xtensa-esp32s2-elf/bin/../lib/gcc/xtensa-esp32s2-elf/8.4.0/include]
    add: [/home/torstein/.espressif/tools/xtensa-esp32s2-elf/esp-2021r2-8.4.0/xtensa-esp32s2-elf/bin/../lib/gcc/xtensa-esp32s2-elf/8.4.0/include-fixed]
    add: [/home/torstein/.espressif/tools/xtensa-esp32s2-elf/esp-2021r2-8.4.0/xtensa-esp32s2-elf/bin/../lib/gcc/xtensa-esp32s2-elf/8.4.0/../../../../xtensa-esp32s2-elf/sys-include]
    add: [/home/torstein/.espressif/tools/xtensa-esp32s2-elf/esp-2021r2-8.4.0/xtensa-esp32s2-elf/bin/../lib/gcc/xtensa-esp32s2-elf/8.4.0/../../../../xtensa-esp32s2-elf/include]
  end of search list found
  collapse include dir [/home/torstein/.espressif/tools/xtensa-esp32s2-elf/esp-2021r2-8.4.0/xtensa-esp32s2-elf/bin/../lib/gcc/xtensa-esp32s2-elf/8.4.0/include] ==> [/home/torstein/.espressif/tools/xtensa-esp32s2-elf/esp-2021r2-8.4.0/xtensa-esp32s2-elf/lib/gcc/xtensa-esp32s2-elf/8.4.0/include]
  collapse include dir [/home/torstein/.espressif/tools/xtensa-esp32s2-elf/esp-2021r2-8.4.0/xtensa-esp32s2-elf/bin/../lib/gcc/xtensa-esp32s2-elf/8.4.0/include-fixed] ==> [/home/torstein/.espressif/tools/xtensa-esp32s2-elf/esp-2021r2-8.4.0/xtensa-esp32s2-elf/lib/gcc/xtensa-esp32s2-elf/8.4.0/include-fixed]
  collapse include dir [/home/torstein/.espressif/tools/xtensa-esp32s2-elf/esp-2021r2-8.4.0/xtensa-esp32s2-elf/bin/../lib/gcc/xtensa-esp32s2-elf/8.4.0/../../../../xtensa-esp32s2-elf/sys-include] ==> [/home/torstein/.espressif/tools/xtensa-esp32s2-elf/esp-2021r2-8.4.0/xtensa-esp32s2-elf/xtensa-esp32s2-elf/sys-include]
  collapse include dir [/home/torstein/.espressif/tools/xtensa-esp32s2-elf/esp-2021r2-8.4.0/xtensa-esp32s2-elf/bin/../lib/gcc/xtensa-esp32s2-elf/8.4.0/../../../../xtensa-esp32s2-elf/include] ==> [/home/torstein/.espressif/tools/xtensa-esp32s2-elf/esp-2021r2-8.4.0/xtensa-esp32s2-elf/xtensa-esp32s2-elf/include]
  implicit include dirs: [/home/torstein/.espressif/tools/xtensa-esp32s2-elf/esp-2021r2-8.4.0/xtensa-esp32s2-elf/lib/gcc/xtensa-esp32s2-elf/8.4.0/include;/home/torstein/.espressif/tools/xtensa-esp32s2-elf/esp-2021r2-8.4.0/xtensa-esp32s2-elf/lib/gcc/xtensa-esp32s2-elf/8.4.0/include-fixed;/home/torstein/.espressif/tools/xtensa-esp32s2-elf/esp-2021r2-8.4.0/xtensa-esp32s2-elf/xtensa-esp32s2-elf/sys-include;/home/torstein/.espressif/tools/xtensa-esp32s2-elf/esp-2021r2-8.4.0/xtensa-esp32s2-elf/xtensa-esp32s2-elf/include]


Parsed C implicit link information from above output:
  link line regex: [^( *|.*[/\])(xtensa-esp32s2-elf-ld|CMAKE_LINK_STARTFILE-NOTFOUND|([^/\]+-)?ld|collect2)[^/\]*( |$)]
  ignore line: [Change Dir: /home/torstein/Documents/touch1.1/touch_element_waterproof/build/bootloader/CMakeFiles/CMakeTmp]
  ignore line: []
  ignore line: [Run Build Command(s):/home/torstein/.espressif/tools/ninja/1.10.2/ninja cmTC_1b507 && [1/2] Building C object CMakeFiles/cmTC_1b507.dir/CMakeCCompilerABI.c.obj]
  ignore line: [Using built-in specs.]
  ignore line: [COLLECT_GCC=/home/torstein/.espressif/tools/xtensa-esp32s2-elf/esp-2021r2-8.4.0/xtensa-esp32s2-elf/bin/xtensa-esp32s2-elf-gcc]
  ignore line: [Target: xtensa-esp32s2-elf]
  ignore line: [Configured with: /builds/idf/crosstool-NG/.build/xtensa-esp32s2-elf/src/gcc/configure --build=x86_64-build_pc-linux-gnu --host=x86_64-build_pc-linux-gnu --target=xtensa-esp32s2-elf --prefix=/builds/idf/crosstool-NG/builds/xtensa-esp32s2-elf --with-local-prefix=/builds/idf/crosstool-NG/builds/xtensa-esp32s2-elf/xtensa-esp32s2-elf --with-headers=/builds/idf/crosstool-NG/builds/xtensa-esp32s2-elf/xtensa-esp32s2-elf/include --with-newlib --enable-threads=no --disable-shared --with-pkgversion='crosstool-NG esp-2021r2' --disable-__cxa_atexit --enable-cxx-flags=-ffunction-sections --disable-libgomp --disable-libmudflap --disable-libmpx --disable-libssp --disable-libquadmath --disable-libquadmath-support --with-gmp=/builds/idf/crosstool-NG/.build/xtensa-esp32s2-elf/buildtools --with-mpfr=/builds/idf/crosstool-NG/.build/xtensa-esp32s2-elf/buildtools --with-mpc=/builds/idf/crosstool-NG/.build/xtensa-esp32s2-elf/buildtools --with-isl=/builds/idf/crosstool-NG/.build/xtensa-esp32s2-elf/buildtools --enable-lto --enable-target-optspace --without-long-double-128 --disable-nls --enable-multiarch --enable-languages=c c++ --disable-libstdcxx-verbose --enable-threads=posix --enable-gcov-custom-rtio --enable-libstdcxx-time=yes]
  ignore line: [Thread model: posix]
  ignore line: [gcc version 8.4.0 (crosstool-NG esp-2021r2) ]
  ignore line: [COLLECT_GCC_OPTIONS='-mlongcalls' '-v' '-o' 'CMakeFiles/cmTC_1b507.dir/CMakeCCompilerABI.c.obj' '-c']
  ignore line: [ /home/torstein/.espressif/tools/xtensa-esp32s2-elf/esp-2021r2-8.4.0/xtensa-esp32s2-elf/bin/../libexec/gcc/xtensa-esp32s2-elf/8.4.0/cc1 -quiet -v -iprefix /home/torstein/.espressif/tools/xtensa-esp32s2-elf/esp-2021r2-8.4.0/xtensa-esp32s2-elf/bin/../lib/gcc/xtensa-esp32s2-elf/8.4.0/ /home/torstein/.espressif/tools/cmake/3.20.3/share/cmake-3.20/Modules/CMakeCCompilerABI.c -quiet -dumpbase CMakeCCompilerABI.c -mlongcalls -auxbase-strip CMakeFiles/cmTC_1b507.dir/CMakeCCompilerABI.c.obj -version -o /tmp/ccWAzAeu.s]
  ignore line: [GNU C17 (crosstool-NG esp-2021r2) version 8.4.0 (xtensa-esp32s2-elf)]
  ignore line: [	compiled by GNU C version 4.9.2  GMP version 6.2.0  MPFR version 4.0.2  MPC version 1.1.0  isl version isl-0.19-GMP]
  ignore line: []
  ignore line: [GGC heuristics: --param ggc-min-expand=100 --param ggc-min-heapsize=131072]
  ignore line: [ignoring duplicate directory "/home/torstein/.espressif/tools/xtensa-esp32s2-elf/esp-2021r2-8.4.0/xtensa-esp32s2-elf/bin/../lib/gcc/../../lib/gcc/xtensa-esp32s2-elf/8.4.0/include"]
  ignore line: [ignoring duplicate directory "/home/torstein/.espressif/tools/xtensa-esp32s2-elf/esp-2021r2-8.4.0/xtensa-esp32s2-elf/bin/../lib/gcc/../../lib/gcc/xtensa-esp32s2-elf/8.4.0/include-fixed"]
  ignore line: [ignoring duplicate directory "/home/torstein/.espressif/tools/xtensa-esp32s2-elf/esp-2021r2-8.4.0/xtensa-esp32s2-elf/bin/../lib/gcc/../../lib/gcc/xtensa-esp32s2-elf/8.4.0/../../../../xtensa-esp32s2-elf/sys-include"]
  ignore line: [ignoring duplicate directory "/home/torstein/.espressif/tools/xtensa-esp32s2-elf/esp-2021r2-8.4.0/xtensa-esp32s2-elf/bin/../lib/gcc/../../lib/gcc/xtensa-esp32s2-elf/8.4.0/../../../../xtensa-esp32s2-elf/include"]
  ignore line: [#include "..." search starts here:]
  ignore line: [#include <...> search starts here:]
  ignore line: [ /home/torstein/.espressif/tools/xtensa-esp32s2-elf/esp-2021r2-8.4.0/xtensa-esp32s2-elf/bin/../lib/gcc/xtensa-esp32s2-elf/8.4.0/include]
  ignore line: [ /home/torstein/.espressif/tools/xtensa-esp32s2-elf/esp-2021r2-8.4.0/xtensa-esp32s2-elf/bin/../lib/gcc/xtensa-esp32s2-elf/8.4.0/include-fixed]
  ignore line: [ /home/torstein/.espressif/tools/xtensa-esp32s2-elf/esp-2021r2-8.4.0/xtensa-esp32s2-elf/bin/../lib/gcc/xtensa-esp32s2-elf/8.4.0/../../../../xtensa-esp32s2-elf/sys-include]
  ignore line: [ /home/torstein/.espressif/tools/xtensa-esp32s2-elf/esp-2021r2-8.4.0/xtensa-esp32s2-elf/bin/../lib/gcc/xtensa-esp32s2-elf/8.4.0/../../../../xtensa-esp32s2-elf/include]
  ignore line: [End of search list.]
  ignore line: [GNU C17 (crosstool-NG esp-2021r2) version 8.4.0 (xtensa-esp32s2-elf)]
  ignore line: [	compiled by GNU C version 4.9.2  GMP version 6.2.0  MPFR version 4.0.2  MPC version 1.1.0  isl version isl-0.19-GMP]
  ignore line: []
  ignore line: [GGC heuristics: --param ggc-min-expand=100 --param ggc-min-heapsize=131072]
  ignore line: [Compiler executable checksum: 78d983a32738abb23fbf1cdd9bc4cc89]
  ignore line: [COLLECT_GCC_OPTIONS='-mlongcalls' '-v' '-o' 'CMakeFiles/cmTC_1b507.dir/CMakeCCompilerABI.c.obj' '-c']
  ignore line: [ /home/torstein/.espressif/tools/xtensa-esp32s2-elf/esp-2021r2-8.4.0/xtensa-esp32s2-elf/bin/../lib/gcc/xtensa-esp32s2-elf/8.4.0/../../../../xtensa-esp32s2-elf/bin/as --traditional-format --longcalls -o CMakeFiles/cmTC_1b507.dir/CMakeCCompilerABI.c.obj /tmp/ccWAzAeu.s]
  ignore line: [COMPILER_PATH=/home/torstein/.espressif/tools/xtensa-esp32s2-elf/esp-2021r2-8.4.0/xtensa-esp32s2-elf/bin/../libexec/gcc/xtensa-esp32s2-elf/8.4.0/:/home/torstein/.espressif/tools/xtensa-esp32s2-elf/esp-2021r2-8.4.0/xtensa-esp32s2-elf/bin/../libexec/gcc/:/home/torstein/.espressif/tools/xtensa-esp32s2-elf/esp-2021r2-8.4.0/xtensa-esp32s2-elf/bin/../lib/gcc/xtensa-esp32s2-elf/8.4.0/../../../../xtensa-esp32s2-elf/bin/]
  ignore line: [LIBRARY_PATH=/home/torstein/.espressif/tools/xtensa-esp32s2-elf/esp-2021r2-8.4.0/xtensa-esp32s2-elf/bin/../lib/gcc/xtensa-esp32s2-elf/8.4.0/:/home/torstein/.espressif/tools/xtensa-esp32s2-elf/esp-2021r2-8.4.0/xtensa-esp32s2-elf/bin/../lib/gcc/:/home/torstein/.espressif/tools/xtensa-esp32s2-elf/esp-2021r2-8.4.0/xtensa-esp32s2-elf/bin/../lib/gcc/xtensa-esp32s2-elf/8.4.0/../../../../xtensa-esp32s2-elf/lib/]
  ignore line: [COLLECT_GCC_OPTIONS='-mlongcalls' '-v' '-o' 'CMakeFiles/cmTC_1b507.dir/CMakeCCompilerABI.c.obj' '-c']
  ignore line: [[2/2] Linking C executable cmTC_1b507]
  ignore line: [Using built-in specs.]
  ignore line: [COLLECT_GCC=/home/torstein/.espressif/tools/xtensa-esp32s2-elf/esp-2021r2-8.4.0/xtensa-esp32s2-elf/bin/xtensa-esp32s2-elf-gcc]
  ignore line: [COLLECT_LTO_WRAPPER=/home/torstein/.espressif/tools/xtensa-esp32s2-elf/esp-2021r2-8.4.0/xtensa-esp32s2-elf/bin/../libexec/gcc/xtensa-esp32s2-elf/8.4.0/lto-wrapper]
  ignore line: [Target: xtensa-esp32s2-elf]
  ignore line: [Configured with: /builds/idf/crosstool-NG/.build/xtensa-esp32s2-elf/src/gcc/configure --build=x86_64-build_pc-linux-gnu --host=x86_64-build_pc-linux-gnu --target=xtensa-esp32s2-elf --prefix=/builds/idf/crosstool-NG/builds/xtensa-esp32s2-elf --with-local-prefix=/builds/idf/crosstool-NG/builds/xtensa-esp32s2-elf/xtensa-esp32s2-elf --with-headers=/builds/idf/crosstool-NG/builds/xtensa-esp32s2-elf/xtensa-esp32s2-elf/include --with-newlib --enable-threads=no --disable-shared --with-pkgversion='crosstool-NG esp-2021r2' --disable-__cxa_atexit --enable-cxx-flags=-ffunction-sections --disable-libgomp --disable-libmudflap --disable-libmpx --disable-libssp --disable-libquadmath --disable-libquadmath-support --with-gmp=/builds/idf/crosstool-NG/.build/xtensa-esp32s2-elf/buildtools --with-mpfr=/builds/idf/crosstool-NG/.build/xtensa-esp32s2-elf/buildtools --with-mpc=/builds/idf/crosstool-NG/.build/xtensa-esp32s2-elf/buildtools --with-isl=/builds/idf/crosstool-NG/.build/xtensa-esp32s2-elf/buildtools --enable-lto --enable-target-optspace --without-long-double-128 --disable-nls --enable-multiarch --enable-languages=c c++ --disable-libstdcxx-verbose --enable-threads=posix --enable-gcov-custom-rtio --enable-libstdcxx-time=yes]
  ignore line: [Thread model: posix]
  ignore line: [gcc version 8.4.0 (crosstool-NG esp-2021r2) ]
  ignore line: [COMPILER_PATH=/home/torstein/.espressif/tools/xtensa-esp32s2-elf/esp-2021r2-8.4.0/xtensa-esp32s2-elf/bin/../libexec/gcc/xtensa-esp32s2-elf/8.4.0/:/home/torstein/.espressif/tools/xtensa-esp32s2-elf/esp-2021r2-8.4.0/xtensa-esp32s2-elf/bin/../libexec/gcc/:/home/torstein/.espressif/tools/xtensa-esp32s2-elf/esp-2021r2-8.4.0/xtensa-esp32s2-elf/bin/../lib/gcc/xtensa-esp32s2-elf/8.4.0/../../../../xtensa-esp32s2-elf/bin/]
  ignore line: [LIBRARY_PATH=/home/torstein/.espressif/tools/xtensa-esp32s2-elf/esp-2021r2-8.4.0/xtensa-esp32s2-elf/bin/../lib/gcc/xtensa-esp32s2-elf/8.4.0/:/home/torstein/.espressif/tools/xtensa-esp32s2-elf/esp-2021r2-8.4.0/xtensa-esp32s2-elf/bin/../lib/gcc/:/home/torstein/.espressif/tools/xtensa-esp32s2-elf/esp-2021r2-8.4.0/xtensa-esp32s2-elf/bin/../lib/gcc/xtensa-esp32s2-elf/8.4.0/../../../../xtensa-esp32s2-elf/lib/]
  ignore line: [COLLECT_GCC_OPTIONS='-mlongcalls' '-v' '-o' 'cmTC_1b507']
  link line: [ /home/torstein/.espressif/tools/xtensa-esp32s2-elf/esp-2021r2-8.4.0/xtensa-esp32s2-elf/bin/../libexec/gcc/xtensa-esp32s2-elf/8.4.0/collect2 -plugin /home/torstein/.espressif/tools/xtensa-esp32s2-elf/esp-2021r2-8.4.0/xtensa-esp32s2-elf/bin/../libexec/gcc/xtensa-esp32s2-elf/8.4.0/liblto_plugin.so -plugin-opt=/home/torstein/.espressif/tools/xtensa-esp32s2-elf/esp-2021r2-8.4.0/xtensa-esp32s2-elf/bin/../libexec/gcc/xtensa-esp32s2-elf/8.4.0/lto-wrapper -plugin-opt=-fresolution=/tmp/ccID9VHv.res -plugin-opt=-pass-through=-lgcc -plugin-opt=-pass-through=-lc -plugin-opt=-pass-through=-lnosys -plugin-opt=-pass-through=-lc -plugin-opt=-pass-through=-lgcc -o cmTC_1b507 /home/torstein/.espressif/tools/xtensa-esp32s2-elf/esp-2021r2-8.4.0/xtensa-esp32s2-elf/bin/../lib/gcc/xtensa-esp32s2-elf/8.4.0/../../../../xtensa-esp32s2-elf/lib/crt0.o /home/torstein/.espressif/tools/xtensa-esp32s2-elf/esp-2021r2-8.4.0/xtensa-esp32s2-elf/bin/../lib/gcc/xtensa-esp32s2-elf/8.4.0/crti.o /home/torstein/.espressif/tools/xtensa-esp32s2-elf/esp-2021r2-8.4.0/xtensa-esp32s2-elf/bin/../lib/gcc/xtensa-esp32s2-elf/8.4.0/crtbegin.o -L/home/torstein/.espressif/tools/xtensa-esp32s2-elf/esp-2021r2-8.4.0/xtensa-esp32s2-elf/bin/../lib/gcc/xtensa-esp32s2-elf/8.4.0 -L/home/torstein/.espressif/tools/xtensa-esp32s2-elf/esp-2021r2-8.4.0/xtensa-esp32s2-elf/bin/../lib/gcc -L/home/torstein/.espressif/tools/xtensa-esp32s2-elf/esp-2021r2-8.4.0/xtensa-esp32s2-elf/bin/../lib/gcc/xtensa-esp32s2-elf/8.4.0/../../../../xtensa-esp32s2-elf/lib CMakeFiles/cmTC_1b507.dir/CMakeCCompilerABI.c.obj -lgcc -lc -lnosys -lc -lgcc /home/torstein/.espressif/tools/xtensa-esp32s2-elf/esp-2021r2-8.4.0/xtensa-esp32s2-elf/bin/../lib/gcc/xtensa-esp32s2-elf/8.4.0/crtend.o /home/torstein/.espressif/tools/xtensa-esp32s2-elf/esp-2021r2-8.4.0/xtensa-esp32s2-elf/bin/../lib/gcc/xtensa-esp32s2-elf/8.4.0/crtn.o]
    arg [/home/torstein/.espressif/tools/xtensa-esp32s2-elf/esp-2021r2-8.4.0/xtensa-esp32s2-elf/bin/../libexec/gcc/xtensa-esp32s2-elf/8.4.0/collect2] ==> ignore
    arg [-plugin] ==> ignore
    arg [/home/torstein/.espressif/tools/xtensa-esp32s2-elf/esp-2021r2-8.4.0/xtensa-esp32s2-elf/bin/../libexec/gcc/xtensa-esp32s2-elf/8.4.0/liblto_plugin.so] ==> ignore
    arg [-plugin-opt=/home/torstein/.espressif/tools/xtensa-esp32s2-elf/esp-2021r2-8.4.0/xtensa-esp32s2-elf/bin/../libexec/gcc/xtensa-esp32s2-elf/8.4.0/lto-wrapper] ==> ignore
    arg [-plugin-opt=-fresolution=/tmp/ccID9VHv.res] ==> ignore
    arg [-plugin-opt=-pass-through=-lgcc] ==> ignore
    arg [-plugin-opt=-pass-through=-lc] ==> ignore
    arg [-plugin-opt=-pass-through=-lnosys] ==> ignore
    arg [-plugin-opt=-pass-through=-lc] ==> ignore
    arg [-plugin-opt=-pass-through=-lgcc] ==> ignore
    arg [-o] ==> ignore
    arg [cmTC_1b507] ==> ignore
    arg [/home/torstein/.espressif/tools/xtensa-esp32s2-elf/esp-2021r2-8.4.0/xtensa-esp32s2-elf/bin/../lib/gcc/xtensa-esp32s2-elf/8.4.0/../../../../xtensa-esp32s2-elf/lib/crt0.o] ==> obj [/home/torstein/.espressif/tools/xtensa-esp32s2-elf/esp-2021r2-8.4.0/xtensa-esp32s2-elf/bin/../lib/gcc/xtensa-esp32s2-elf/8.4.0/../../../../xtensa-esp32s2-elf/lib/crt0.o]
    arg [/home/torstein/.espressif/tools/xtensa-esp32s2-elf/esp-2021r2-8.4.0/xtensa-esp32s2-elf/bin/../lib/gcc/xtensa-esp32s2-elf/8.4.0/crti.o] ==> obj [/home/torstein/.espressif/tools/xtensa-esp32s2-elf/esp-2021r2-8.4.0/xtensa-esp32s2-elf/bin/../lib/gcc/xtensa-esp32s2-elf/8.4.0/crti.o]
    arg [/home/torstein/.espressif/tools/xtensa-esp32s2-elf/esp-2021r2-8.4.0/xtensa-esp32s2-elf/bin/../lib/gcc/xtensa-esp32s2-elf/8.4.0/crtbegin.o] ==> obj [/home/torstein/.espressif/tools/xtensa-esp32s2-elf/esp-2021r2-8.4.0/xtensa-esp32s2-elf/bin/../lib/gcc/xtensa-esp32s2-elf/8.4.0/crtbegin.o]
    arg [-L/home/torstein/.espressif/tools/xtensa-esp32s2-elf/esp-2021r2-8.4.0/xtensa-esp32s2-elf/bin/../lib/gcc/xtensa-esp32s2-elf/8.4.0] ==> dir [/home/torstein/.espressif/tools/xtensa-esp32s2-elf/esp-2021r2-8.4.0/xtensa-esp32s2-elf/bin/../lib/gcc/xtensa-esp32s2-elf/8.4.0]
    arg [-L/home/torstein/.espressif/tools/xtensa-esp32s2-elf/esp-2021r2-8.4.0/xtensa-esp32s2-elf/bin/../lib/gcc] ==> dir [/home/torstein/.espressif/tools/xtensa-esp32s2-elf/esp-2021r2-8.4.0/xtensa-esp32s2-elf/bin/../lib/gcc]
    arg [-L/home/torstein/.espressif/tools/xtensa-esp32s2-elf/esp-2021r2-8.4.0/xtensa-esp32s2-elf/bin/../lib/gcc/xtensa-esp32s2-elf/8.4.0/../../../../xtensa-esp32s2-elf/lib] ==> dir [/home/torstein/.espressif/tools/xtensa-esp32s2-elf/esp-2021r2-8.4.0/xtensa-esp32s2-elf/bin/../lib/gcc/xtensa-esp32s2-elf/8.4.0/../../../../xtensa-esp32s2-elf/lib]
    arg [CMakeFiles/cmTC_1b507.dir/CMakeCCompilerABI.c.obj] ==> ignore
    arg [-lgcc] ==> lib [gcc]
    arg [-lc] ==> lib [c]
    arg [-lnosys] ==> lib [nosys]
    arg [-lc] ==> lib [c]
    arg [-lgcc] ==> lib [gcc]
    arg [/home/torstein/.espressif/tools/xtensa-esp32s2-elf/esp-2021r2-8.4.0/xtensa-esp32s2-elf/bin/../lib/gcc/xtensa-esp32s2-elf/8.4.0/crtend.o] ==> obj [/home/torstein/.espressif/tools/xtensa-esp32s2-elf/esp-2021r2-8.4.0/xtensa-esp32s2-elf/bin/../lib/gcc/xtensa-esp32s2-elf/8.4.0/crtend.o]
    arg [/home/torstein/.espressif/tools/xtensa-esp32s2-elf/esp-2021r2-8.4.0/xtensa-esp32s2-elf/bin/../lib/gcc/xtensa-esp32s2-elf/8.4.0/crtn.o] ==> obj [/home/torstein/.espressif/tools/xtensa-esp32s2-elf/esp-2021r2-8.4.0/xtensa-esp32s2-elf/bin/../lib/gcc/xtensa-esp32s2-elf/8.4.0/crtn.o]
  collapse obj [/home/torstein/.espressif/tools/xtensa-esp32s2-elf/esp-2021r2-8.4.0/xtensa-esp32s2-elf/bin/../lib/gcc/xtensa-esp32s2-elf/8.4.0/../../../../xtensa-esp32s2-elf/lib/crt0.o] ==> [/home/torstein/.espressif/tools/xtensa-esp32s2-elf/esp-2021r2-8.4.0/xtensa-esp32s2-elf/xtensa-esp32s2-elf/lib/crt0.o]
  collapse obj [/home/torstein/.espressif/tools/xtensa-esp32s2-elf/esp-2021r2-8.4.0/xtensa-esp32s2-elf/bin/../lib/gcc/xtensa-esp32s2-elf/8.4.0/crti.o] ==> [/home/torstein/.espressif/tools/xtensa-esp32s2-elf/esp-2021r2-8.4.0/xtensa-esp32s2-elf/lib/gcc/xtensa-esp32s2-elf/8.4.0/crti.o]
  collapse obj [/home/torstein/.espressif/tools/xtensa-esp32s2-elf/esp-2021r2-8.4.0/xtensa-esp32s2-elf/bin/../lib/gcc/xtensa-esp32s2-elf/8.4.0/crtbegin.o] ==> [/home/torstein/.espressif/tools/xtensa-esp32s2-elf/esp-2021r2-8.4.0/xtensa-esp32s2-elf/lib/gcc/xtensa-esp32s2-elf/8.4.0/crtbegin.o]
  collapse obj [/home/torstein/.espressif/tools/xtensa-esp32s2-elf/esp-2021r2-8.4.0/xtensa-esp32s2-elf/bin/../lib/gcc/xtensa-esp32s2-elf/8.4.0/crtend.o] ==> [/home/torstein/.espressif/tools/xtensa-esp32s2-elf/esp-2021r2-8.4.0/xtensa-esp32s2-elf/lib/gcc/xtensa-esp32s2-elf/8.4.0/crtend.o]
  collapse obj [/home/torstein/.espressif/tools/xtensa-esp32s2-elf/esp-2021r2-8.4.0/xtensa-esp32s2-elf/bin/../lib/gcc/xtensa-esp32s2-elf/8.4.0/crtn.o] ==> [/home/torstein/.espressif/tools/xtensa-esp32s2-elf/esp-2021r2-8.4.0/xtensa-esp32s2-elf/lib/gcc/xtensa-esp32s2-elf/8.4.0/crtn.o]
  collapse library dir [/home/torstein/.espressif/tools/xtensa-esp32s2-elf/esp-2021r2-8.4.0/xtensa-esp32s2-elf/bin/../lib/gcc/xtensa-esp32s2-elf/8.4.0] ==> [/home/torstein/.espressif/tools/xtensa-esp32s2-elf/esp-2021r2-8.4.0/xtensa-esp32s2-elf/lib/gcc/xtensa-esp32s2-elf/8.4.0]
  collapse library dir [/home/torstein/.espressif/tools/xtensa-esp32s2-elf/esp-2021r2-8.4.0/xtensa-esp32s2-elf/bin/../lib/gcc] ==> [/home/torstein/.espressif/tools/xtensa-esp32s2-elf/esp-2021r2-8.4.0/xtensa-esp32s2-elf/lib/gcc]
  collapse library dir [/home/torstein/.espressif/tools/xtensa-esp32s2-elf/esp-2021r2-8.4.0/xtensa-esp32s2-elf/bin/../lib/gcc/xtensa-esp32s2-elf/8.4.0/../../../../xtensa-esp32s2-elf/lib] ==> [/home/torstein/.espressif/tools/xtensa-esp32s2-elf/esp-2021r2-8.4.0/xtensa-esp32s2-elf/xtensa-esp32s2-elf/lib]
  implicit libs: [gcc;c;nosys;c;gcc]
  implicit objs: [/home/torstein/.espressif/tools/xtensa-esp32s2-elf/esp-2021r2-8.4.0/xtensa-esp32s2-elf/xtensa-esp32s2-elf/lib/crt0.o;/home/torstein/.espressif/tools/xtensa-esp32s2-elf/esp-2021r2-8.4.0/xtensa-esp32s2-elf/lib/gcc/xtensa-esp32s2-elf/8.4.0/crti.o;/home/torstein/.espressif/tools/xtensa-esp32s2-elf/esp-2021r2-8.4.0/xtensa-esp32s2-elf/lib/gcc/xtensa-esp32s2-elf/8.4.0/crtbegin.o;/home/torstein/.espressif/tools/xtensa-esp32s2-elf/esp-2021r2-8.4.0/xtensa-esp32s2-elf/lib/gcc/xtensa-esp32s2-elf/8.4.0/crtend.o;/home/torstein/.espressif/tools/xtensa-esp32s2-elf/esp-2021r2-8.4.0/xtensa-esp32s2-elf/lib/gcc/xtensa-esp32s2-elf/8.4.0/crtn.o]
  implicit dirs: [/home/torstein/.espressif/tools/xtensa-esp32s2-elf/esp-2021r2-8.4.0/xtensa-esp32s2-elf/lib/gcc/xtensa-esp32s2-elf/8.4.0;/home/torstein/.espressif/tools/xtensa-esp32s2-elf/esp-2021r2-8.4.0/xtensa-esp32s2-elf/lib/gcc;/home/torstein/.espressif/tools/xtensa-esp32s2-elf/esp-2021r2-8.4.0/xtensa-esp32s2-elf/xtensa-esp32s2-elf/lib]
  implicit fwks: []


Detecting CXX compiler ABI info compiled with the following output:
Change Dir: /home/torstein/Documents/touch1.1/touch_element_waterproof/build/bootloader/CMakeFiles/CMakeTmp

Run Build Command(s):/home/torstein/.espressif/tools/ninja/1.10.2/ninja cmTC_1e825 && [1/2] Building CXX object CMakeFiles/cmTC_1e825.dir/CMakeCXXCompilerABI.cpp.obj
Using built-in specs.
COLLECT_GCC=/home/torstein/.espressif/tools/xtensa-esp32s2-elf/esp-2021r2-8.4.0/xtensa-esp32s2-elf/bin/xtensa-esp32s2-elf-g++
Target: xtensa-esp32s2-elf
Configured with: /builds/idf/crosstool-NG/.build/xtensa-esp32s2-elf/src/gcc/configure --build=x86_64-build_pc-linux-gnu --host=x86_64-build_pc-linux-gnu --target=xtensa-esp32s2-elf --prefix=/builds/idf/crosstool-NG/builds/xtensa-esp32s2-elf --with-local-prefix=/builds/idf/crosstool-NG/builds/xtensa-esp32s2-elf/xtensa-esp32s2-elf --with-headers=/builds/idf/crosstool-NG/builds/xtensa-esp32s2-elf/xtensa-esp32s2-elf/include --with-newlib --enable-threads=no --disable-shared --with-pkgversion='crosstool-NG esp-2021r2' --disable-__cxa_atexit --enable-cxx-flags=-ffunction-sections --disable-libgomp --disable-libmudflap --disable-libmpx --disable-libssp --disable-libquadmath --disable-libquadmath-support --with-gmp=/builds/idf/crosstool-NG/.build/xtensa-esp32s2-elf/buildtools --with-mpfr=/builds/idf/crosstool-NG/.build/xtensa-esp32s2-elf/buildtools --with-mpc=/builds/idf/crosstool-NG/.build/xtensa-esp32s2-elf/buildtools --with-isl=/builds/idf/crosstool-NG/.build/xtensa-esp32s2-elf/buildtools --enable-lto --enable-target-optspace --without-long-double-128 --disable-nls --enable-multiarch --enable-languages=c,c++ --disable-libstdcxx-verbose --enable-threads=posix --enable-gcov-custom-rtio --enable-libstdcxx-time=yes
Thread model: posix
gcc version 8.4.0 (crosstool-NG esp-2021r2) 
COLLECT_GCC_OPTIONS='-mlongcalls' '-v' '-o' 'CMakeFiles/cmTC_1e825.dir/CMakeCXXCompilerABI.cpp.obj' '-c'
 /home/torstein/.espressif/tools/xtensa-esp32s2-elf/esp-2021r2-8.4.0/xtensa-esp32s2-elf/bin/../libexec/gcc/xtensa-esp32s2-elf/8.4.0/cc1plus -quiet -v -iprefix /home/torstein/.espressif/tools/xtensa-esp32s2-elf/esp-2021r2-8.4.0/xtensa-esp32s2-elf/bin/../lib/gcc/xtensa-esp32s2-elf/8.4.0/ /home/torstein/.espressif/tools/cmake/3.20.3/share/cmake-3.20/Modules/CMakeCXXCompilerABI.cpp -quiet -dumpbase CMakeCXXCompilerABI.cpp -mlongcalls -auxbase-strip CMakeFiles/cmTC_1e825.dir/CMakeCXXCompilerABI.cpp.obj -version -o /tmp/cc5no4cA.s
GNU C++14 (crosstool-NG esp-2021r2) version 8.4.0 (xtensa-esp32s2-elf)
	compiled by GNU C version 4.9.2, GMP version 6.2.0, MPFR version 4.0.2, MPC version 1.1.0, isl version isl-0.19-GMP

GGC heuristics: --param ggc-min-expand=100 --param ggc-min-heapsize=131072
ignoring duplicate directory "/home/torstein/.espressif/tools/xtensa-esp32s2-elf/esp-2021r2-8.4.0/xtensa-esp32s2-elf/bin/../lib/gcc/../../lib/gcc/xtensa-esp32s2-elf/8.4.0/../../../../xtensa-esp32s2-elf/include/c++/8.4.0"
ignoring duplicate directory "/home/torstein/.espressif/tools/xtensa-esp32s2-elf/esp-2021r2-8.4.0/xtensa-esp32s2-elf/bin/../lib/gcc/../../lib/gcc/xtensa-esp32s2-elf/8.4.0/../../../../xtensa-esp32s2-elf/include/c++/8.4.0/xtensa-esp32s2-elf"
ignoring duplicate directory "/home/torstein/.espressif/tools/xtensa-esp32s2-elf/esp-2021r2-8.4.0/xtensa-esp32s2-elf/bin/../lib/gcc/../../lib/gcc/xtensa-esp32s2-elf/8.4.0/../../../../xtensa-esp32s2-elf/include/c++/8.4.0/backward"
ignoring duplicate directory "/home/torstein/.espressif/tools/xtensa-esp32s2-elf/esp-2021r2-8.4.0/xtensa-esp32s2-elf/bin/../lib/gcc/../../lib/gcc/xtensa-esp32s2-elf/8.4.0/include"
ignoring duplicate directory "/home/torstein/.espressif/tools/xtensa-esp32s2-elf/esp-2021r2-8.4.0/xtensa-esp32s2-elf/bin/../lib/gcc/../../lib/gcc/xtensa-esp32s2-elf/8.4.0/include-fixed"
ignoring duplicate directory "/home/torstein/.espressif/tools/xtensa-esp32s2-elf/esp-2021r2-8.4.0/xtensa-esp32s2-elf/bin/../lib/gcc/../../lib/gcc/xtensa-esp32s2-elf/8.4.0/../../../../xtensa-esp32s2-elf/sys-include"
ignoring duplicate directory "/home/torstein/.espressif/tools/xtensa-esp32s2-elf/esp-2021r2-8.4.0/xtensa-esp32s2-elf/bin/../lib/gcc/../../lib/gcc/xtensa-esp32s2-elf/8.4.0/../../../../xtensa-esp32s2-elf/include"
#include "..." search starts here:
#include <...> search starts here:
 /home/torstein/.espressif/tools/xtensa-esp32s2-elf/esp-2021r2-8.4.0/xtensa-esp32s2-elf/bin/../lib/gcc/xtensa-esp32s2-elf/8.4.0/../../../../xtensa-esp32s2-elf/include/c++/8.4.0
 /home/torstein/.espressif/tools/xtensa-esp32s2-elf/esp-2021r2-8.4.0/xtensa-esp32s2-elf/bin/../lib/gcc/xtensa-esp32s2-elf/8.4.0/../../../../xtensa-esp32s2-elf/include/c++/8.4.0/xtensa-esp32s2-elf
 /home/torstein/.espressif/tools/xtensa-esp32s2-elf/esp-2021r2-8.4.0/xtensa-esp32s2-elf/bin/../lib/gcc/xtensa-esp32s2-elf/8.4.0/../../../../xtensa-esp32s2-elf/include/c++/8.4.0/backward
 /home/torstein/.espressif/tools/xtensa-esp32s2-elf/esp-2021r2-8.4.0/xtensa-esp32s2-elf/bin/../lib/gcc/xtensa-esp32s2-elf/8.4.0/include
 /home/torstein/.espressif/tools/xtensa-esp32s2-elf/esp-2021r2-8.4.0/xtensa-esp32s2-elf/bin/../lib/gcc/xtensa-esp32s2-elf/8.4.0/include-fixed
 /home/torstein/.espressif/tools/xtensa-esp32s2-elf/esp-2021r2-8.4.0/xtensa-esp32s2-elf/bin/../lib/gcc/xtensa-esp32s2-elf/8.4.0/../../../../xtensa-esp32s2-elf/sys-include
 /home/torstein/.espressif/tools/xtensa-esp32s2-elf/esp-2021r2-8.4.0/xtensa-esp32s2-elf/bin/../lib/gcc/xtensa-esp32s2-elf/8.4.0/../../../../xtensa-esp32s2-elf/include
End of search list.
GNU C++14 (crosstool-NG esp-2021r2) version 8.4.0 (xtensa-esp32s2-elf)
	compiled by GNU C version 4.9.2, GMP version 6.2.0, MPFR version 4.0.2, MPC version 1.1.0, isl version isl-0.19-GMP

GGC heuristics: --param ggc-min-expand=100 --param ggc-min-heapsize=131072
Compiler executable checksum: 748694a84f82788c6ad93b1189f893dc
COLLECT_GCC_OPTIONS='-mlongcalls' '-v' '-o' 'CMakeFiles/cmTC_1e825.dir/CMakeCXXCompilerABI.cpp.obj' '-c'
 /home/torstein/.espressif/tools/xtensa-esp32s2-elf/esp-2021r2-8.4.0/xtensa-esp32s2-elf/bin/../lib/gcc/xtensa-esp32s2-elf/8.4.0/../../../../xtensa-esp32s2-elf/bin/as --traditional-format --longcalls -o CMakeFiles/cmTC_1e825.dir/CMakeCXXCompilerABI.cpp.obj /tmp/cc5no4cA.s
COMPILER_PATH=/home/torstein/.espressif/tools/xtensa-esp32s2-elf/esp-2021r2-8.4.0/xtensa-esp32s2-elf/bin/../libexec/gcc/xtensa-esp32s2-elf/8.4.0/:/home/torstein/.espressif/tools/xtensa-esp32s2-elf/esp-2021r2-8.4.0/xtensa-esp32s2-elf/bin/../libexec/gcc/:/home/torstein/.espressif/tools/xtensa-esp32s2-elf/esp-2021r2-8.4.0/xtensa-esp32s2-elf/bin/../lib/gcc/xtensa-esp32s2-elf/8.4.0/../../../../xtensa-esp32s2-elf/bin/
LIBRARY_PATH=/home/torstein/.espressif/tools/xtensa-esp32s2-elf/esp-2021r2-8.4.0/xtensa-esp32s2-elf/bin/../lib/gcc/xtensa-esp32s2-elf/8.4.0/:/home/torstein/.espressif/tools/xtensa-esp32s2-elf/esp-2021r2-8.4.0/xtensa-esp32s2-elf/bin/../lib/gcc/:/home/torstein/.espressif/tools/xtensa-esp32s2-elf/esp-2021r2-8.4.0/xtensa-esp32s2-elf/bin/../lib/gcc/xtensa-esp32s2-elf/8.4.0/../../../../xtensa-esp32s2-elf/lib/
COLLECT_GCC_OPTIONS='-mlongcalls' '-v' '-o' 'CMakeFiles/cmTC_1e825.dir/CMakeCXXCompilerABI.cpp.obj' '-c'
[2/2] Linking CXX executable cmTC_1e825
Using built-in specs.
COLLECT_GCC=/home/torstein/.espressif/tools/xtensa-esp32s2-elf/esp-2021r2-8.4.0/xtensa-esp32s2-elf/bin/xtensa-esp32s2-elf-g++
COLLECT_LTO_WRAPPER=/home/torstein/.espressif/tools/xtensa-esp32s2-elf/esp-2021r2-8.4.0/xtensa-esp32s2-elf/bin/../libexec/gcc/xtensa-esp32s2-elf/8.4.0/lto-wrapper
Target: xtensa-esp32s2-elf
Configured with: /builds/idf/crosstool-NG/.build/xtensa-esp32s2-elf/src/gcc/configure --build=x86_64-build_pc-linux-gnu --host=x86_64-build_pc-linux-gnu --target=xtensa-esp32s2-elf --prefix=/builds/idf/crosstool-NG/builds/xtensa-esp32s2-elf --with-local-prefix=/builds/idf/crosstool-NG/builds/xtensa-esp32s2-elf/xtensa-esp32s2-elf --with-headers=/builds/idf/crosstool-NG/builds/xtensa-esp32s2-elf/xtensa-esp32s2-elf/include --with-newlib --enable-threads=no --disable-shared --with-pkgversion='crosstool-NG esp-2021r2' --disable-__cxa_atexit --enable-cxx-flags=-ffunction-sections --disable-libgomp --disable-libmudflap --disable-libmpx --disable-libssp --disable-libquadmath --disable-libquadmath-support --with-gmp=/builds/idf/crosstool-NG/.build/xtensa-esp32s2-elf/buildtools --with-mpfr=/builds/idf/crosstool-NG/.build/xtensa-esp32s2-elf/buildtools --with-mpc=/builds/idf/crosstool-NG/.build/xtensa-esp32s2-elf/buildtools --with-isl=/builds/idf/crosstool-NG/.build/xtensa-esp32s2-elf/buildtools --enable-lto --enable-target-optspace --without-long-double-128 --disable-nls --enable-multiarch --enable-languages=c,c++ --disable-libstdcxx-verbose --enable-threads=posix --enable-gcov-custom-rtio --enable-libstdcxx-time=yes
Thread model: posix
gcc version 8.4.0 (crosstool-NG esp-2021r2) 
COMPILER_PATH=/home/torstein/.espressif/tools/xtensa-esp32s2-elf/esp-2021r2-8.4.0/xtensa-esp32s2-elf/bin/../libexec/gcc/xtensa-esp32s2-elf/8.4.0/:/home/torstein/.espressif/tools/xtensa-esp32s2-elf/esp-2021r2-8.4.0/xtensa-esp32s2-elf/bin/../libexec/gcc/:/home/torstein/.espressif/tools/xtensa-esp32s2-elf/esp-2021r2-8.4.0/xtensa-esp32s2-elf/bin/../lib/gcc/xtensa-esp32s2-elf/8.4.0/../../../../xtensa-esp32s2-elf/bin/
LIBRARY_PATH=/home/torstein/.espressif/tools/xtensa-esp32s2-elf/esp-2021r2-8.4.0/xtensa-esp32s2-elf/bin/../lib/gcc/xtensa-esp32s2-elf/8.4.0/:/home/torstein/.espressif/tools/xtensa-esp32s2-elf/esp-2021r2-8.4.0/xtensa-esp32s2-elf/bin/../lib/gcc/:/home/torstein/.espressif/tools/xtensa-esp32s2-elf/esp-2021r2-8.4.0/xtensa-esp32s2-elf/bin/../lib/gcc/xtensa-esp32s2-elf/8.4.0/../../../../xtensa-esp32s2-elf/lib/
COLLECT_GCC_OPTIONS='-mlongcalls' '-v' '-o' 'cmTC_1e825'
 /home/torstein/.espressif/tools/xtensa-esp32s2-elf/esp-2021r2-8.4.0/xtensa-esp32s2-elf/bin/../libexec/gcc/xtensa-esp32s2-elf/8.4.0/collect2 -plugin /home/torstein/.espressif/tools/xtensa-esp32s2-elf/esp-2021r2-8.4.0/xtensa-esp32s2-elf/bin/../libexec/gcc/xtensa-esp32s2-elf/8.4.0/liblto_plugin.so -plugin-opt=/home/torstein/.espressif/tools/xtensa-esp32s2-elf/esp-2021r2-8.4.0/xtensa-esp32s2-elf/bin/../libexec/gcc/xtensa-esp32s2-elf/8.4.0/lto-wrapper -plugin-opt=-fresolution=/tmp/cc86qW92.res -plugin-opt=-pass-through=-lgcc -plugin-opt=-pass-through=-lc -plugin-opt=-pass-through=-lnosys -plugin-opt=-pass-through=-lc -plugin-opt=-pass-through=-lgcc -o cmTC_1e825 /home/torstein/.espressif/tools/xtensa-esp32s2-elf/esp-2021r2-8.4.0/xtensa-esp32s2-elf/bin/../lib/gcc/xtensa-esp32s2-elf/8.4.0/../../../../xtensa-esp32s2-elf/lib/crt0.o /home/torstein/.espressif/tools/xtensa-esp32s2-elf/esp-2021r2-8.4.0/xtensa-esp32s2-elf/bin/../lib/gcc/xtensa-esp32s2-elf/8.4.0/crti.o /home/torstein/.espressif/tools/xtensa-esp32s2-elf/esp-2021r2-8.4.0/xtensa-esp32s2-elf/bin/../lib/gcc/xtensa-esp32s2-elf/8.4.0/crtbegin.o -L/home/torstein/.espressif/tools/xtensa-esp32s2-elf/esp-2021r2-8.4.0/xtensa-esp32s2-elf/bin/../lib/gcc/xtensa-esp32s2-elf/8.4.0 -L/home/torstein/.espressif/tools/xtensa-esp32s2-elf/esp-2021r2-8.4.0/xtensa-esp32s2-elf/bin/../lib/gcc -L/home/torstein/.espressif/tools/xtensa-esp32s2-elf/esp-2021r2-8.4.0/xtensa-esp32s2-elf/bin/../lib/gcc/xtensa-esp32s2-elf/8.4.0/../../../../xtensa-esp32s2-elf/lib CMakeFiles/cmTC_1e825.dir/CMakeCXXCompilerABI.cpp.obj -lstdc++ -lm -lgcc -lc -lnosys -lc -lgcc /home/torstein/.espressif/tools/xtensa-esp32s2-elf/esp-2021r2-8.4.0/xtensa-esp32s2-elf/bin/../lib/gcc/xtensa-esp32s2-elf/8.4.0/crtend.o /home/torstein/.espressif/tools/xtensa-esp32s2-elf/esp-2021r2-8.4.0/xtensa-esp32s2-elf/bin/../lib/gcc/xtensa-esp32s2-elf/8.4.0/crtn.o
COLLECT_GCC_OPTIONS='-mlongcalls' '-v' '-o' 'cmTC_1e825'



Parsed CXX implicit include dir info from above output: rv=done
  found start of include info
  found start of implicit include info
    add: [/home/torstein/.espressif/tools/xtensa-esp32s2-elf/esp-2021r2-8.4.0/xtensa-esp32s2-elf/bin/../lib/gcc/xtensa-esp32s2-elf/8.4.0/../../../../xtensa-esp32s2-elf/include/c++/8.4.0]
    add: [/home/torstein/.espressif/tools/xtensa-esp32s2-elf/esp-2021r2-8.4.0/xtensa-esp32s2-elf/bin/../lib/gcc/xtensa-esp32s2-elf/8.4.0/../../../../xtensa-esp32s2-elf/include/c++/8.4.0/xtensa-esp32s2-elf]
    add: [/home/torstein/.espressif/tools/xtensa-esp32s2-elf/esp-2021r2-8.4.0/xtensa-esp32s2-elf/bin/../lib/gcc/xtensa-esp32s2-elf/8.4.0/../../../../xtensa-esp32s2-elf/include/c++/8.4.0/backward]
    add: [/home/torstein/.espressif/tools/xtensa-esp32s2-elf/esp-2021r2-8.4.0/xtensa-esp32s2-elf/bin/../lib/gcc/xtensa-esp32s2-elf/8.4.0/include]
    add: [/home/torstein/.espressif/tools/xtensa-esp32s2-elf/esp-2021r2-8.4.0/xtensa-esp32s2-elf/bin/../lib/gcc/xtensa-esp32s2-elf/8.4.0/include-fixed]
    add: [/home/torstein/.espressif/tools/xtensa-esp32s2-elf/esp-2021r2-8.4.0/xtensa-esp32s2-elf/bin/../lib/gcc/xtensa-esp32s2-elf/8.4.0/../../../../xtensa-esp32s2-elf/sys-include]
    add: [/home/torstein/.espressif/tools/xtensa-esp32s2-elf/esp-2021r2-8.4.0/xtensa-esp32s2-elf/bin/../lib/gcc/xtensa-esp32s2-elf/8.4.0/../../../../xtensa-esp32s2-elf/include]
  end of search list found
  collapse include dir [/home/torstein/.espressif/tools/xtensa-esp32s2-elf/esp-2021r2-8.4.0/xtensa-esp32s2-elf/bin/../lib/gcc/xtensa-esp32s2-elf/8.4.0/../../../../xtensa-esp32s2-elf/include/c++/8.4.0] ==> [/home/torstein/.espressif/tools/xtensa-esp32s2-elf/esp-2021r2-8.4.0/xtensa-esp32s2-elf/xtensa-esp32s2-elf/include/c++/8.4.0]
  collapse include dir [/home/torstein/.espressif/tools/xtensa-esp32s2-elf/esp-2021r2-8.4.0/xtensa-esp32s2-elf/bin/../lib/gcc/xtensa-esp32s2-elf/8.4.0/../../../../xtensa-esp32s2-elf/include/c++/8.4.0/xtensa-esp32s2-elf] ==> [/home/torstein/.espressif/tools/xtensa-esp32s2-elf/esp-2021r2-8.4.0/xtensa-esp32s2-elf/xtensa-esp32s2-elf/include/c++/8.4.0/xtensa-esp32s2-elf]
  collapse include dir [/home/torstein/.espressif/tools/xtensa-esp32s2-elf/esp-2021r2-8.4.0/xtensa-esp32s2-elf/bin/../lib/gcc/xtensa-esp32s2-elf/8.4.0/../../../../xtensa-esp32s2-elf/include/c++/8.4.0/backward] ==> [/home/torstein/.espressif/tools/xtensa-esp32s2-elf/esp-2021r2-8.4.0/xtensa-esp32s2-elf/xtensa-esp32s2-elf/include/c++/8.4.0/backward]
  collapse include dir [/home/torstein/.espressif/tools/xtensa-esp32s2-elf/esp-2021r2-8.4.0/xtensa-esp32s2-elf/bin/../lib/gcc/xtensa-esp32s2-elf/8.4.0/include] ==> [/home/torstein/.espressif/tools/xtensa-esp32s2-elf/esp-2021r2-8.4.0/xtensa-esp32s2-elf/lib/gcc/xtensa-esp32s2-elf/8.4.0/include]
  collapse include dir [/home/torstein/.espressif/tools/xtensa-esp32s2-elf/esp-2021r2-8.4.0/xtensa-esp32s2-elf/bin/../lib/gcc/xtensa-esp32s2-elf/8.4.0/include-fixed] ==> [/home/torstein/.espressif/tools/xtensa-esp32s2-elf/esp-2021r2-8.4.0/xtensa-esp32s2-elf/lib/gcc/xtensa-esp32s2-elf/8.4.0/include-fixed]
  collapse include dir [/home/torstein/.espressif/tools/xtensa-esp32s2-elf/esp-2021r2-8.4.0/xtensa-esp32s2-elf/bin/../lib/gcc/xtensa-esp32s2-elf/8.4.0/../../../../xtensa-esp32s2-elf/sys-include] ==> [/home/torstein/.espressif/tools/xtensa-esp32s2-elf/esp-2021r2-8.4.0/xtensa-esp32s2-elf/xtensa-esp32s2-elf/sys-include]
  collapse include dir [/home/torstein/.espressif/tools/xtensa-esp32s2-elf/esp-2021r2-8.4.0/xtensa-esp32s2-elf/bin/../lib/gcc/xtensa-esp32s2-elf/8.4.0/../../../../xtensa-esp32s2-elf/include] ==> [/home/torstein/.espressif/tools/xtensa-esp32s2-elf/esp-2021r2-8.4.0/xtensa-esp32s2-elf/xtensa-esp32s2-elf/include]
  implicit include dirs: [/home/torstein/.espressif/tools/xtensa-esp32s2-elf/esp-2021r2-8.4.0/xtensa-esp32s2-elf/xtensa-esp32s2-elf/include/c++/8.4.0;/home/torstein/.espressif/tools/xtensa-esp32s2-elf/esp-2021r2-8.4.0/xtensa-esp32s2-elf/xtensa-esp32s2-elf/include/c++/8.4.0/xtensa-esp32s2-elf;/home/torstein/.espressif/tools/xtensa-esp32s2-elf/esp-2021r2-8.4.0/xtensa-esp32s2-elf/xtensa-esp32s2-elf/include/c++/8.4.0/backward;/home/torstein/.espressif/tools/xtensa-esp32s2-elf/esp-2021r2-8.4.0/xtensa-esp32s2-elf/lib/gcc/xtensa-esp32s2-elf/8.4.0/include;/home/torstein/.espressif/tools/xtensa-esp32s2-elf/esp-2021r2-8.4.0/xtensa-esp32s2-elf/lib/gcc/xtensa-esp32s2-elf/8.4.0/include-fixed;/home/torstein/.espressif/tools/xtensa-esp32s2-elf/esp-2021r2-8.4.0/xtensa-esp32s2-elf/xtensa-esp32s2-elf/sys-include;/home/torstein/.espressif/tools/xtensa-esp32s2-elf/esp-2021r2-8.4.0/xtensa-esp32s2-elf/xtensa-esp32s2-elf/include]


Parsed CXX implicit link information from above output:
  link line regex: [^( *|.*[/\])(xtensa-esp32s2-elf-ld|CMAKE_LINK_STARTFILE-NOTFOUND|([^/\]+-)?ld|collect2)[^/\]*( |$)]
  ignore line: [Change Dir: /home/torstein/Documents/touch1.1/touch_element_waterproof/build/bootloader/CMakeFiles/CMakeTmp]
  ignore line: []
  ignore line: [Run Build Command(s):/home/torstein/.espressif/tools/ninja/1.10.2/ninja cmTC_1e825 && [1/2] Building CXX object CMakeFiles/cmTC_1e825.dir/CMakeCXXCompilerABI.cpp.obj]
  ignore line: [Using built-in specs.]
  ignore line: [COLLECT_GCC=/home/torstein/.espressif/tools/xtensa-esp32s2-elf/esp-2021r2-8.4.0/xtensa-esp32s2-elf/bin/xtensa-esp32s2-elf-g++]
  ignore line: [Target: xtensa-esp32s2-elf]
  ignore line: [Configured with: /builds/idf/crosstool-NG/.build/xtensa-esp32s2-elf/src/gcc/configure --build=x86_64-build_pc-linux-gnu --host=x86_64-build_pc-linux-gnu --target=xtensa-esp32s2-elf --prefix=/builds/idf/crosstool-NG/builds/xtensa-esp32s2-elf --with-local-prefix=/builds/idf/crosstool-NG/builds/xtensa-esp32s2-elf/xtensa-esp32s2-elf --with-headers=/builds/idf/crosstool-NG/builds/xtensa-esp32s2-elf/xtensa-esp32s2-elf/include --with-newlib --enable-threads=no --disable-shared --with-pkgversion='crosstool-NG esp-2021r2' --disable-__cxa_atexit --enable-cxx-flags=-ffunction-sections --disable-libgomp --disable-libmudflap --disable-libmpx --disable-libssp --disable-libquadmath --disable-libquadmath-support --with-gmp=/builds/idf/crosstool-NG/.build/xtensa-esp32s2-elf/buildtools --with-mpfr=/builds/idf/crosstool-NG/.build/xtensa-esp32s2-elf/buildtools --with-mpc=/builds/idf/crosstool-NG/.build/xtensa-esp32s2-elf/buildtools --with-isl=/builds/idf/crosstool-NG/.build/xtensa-esp32s2-elf/buildtools --enable-lto --enable-target-optspace --without-long-double-128 --disable-nls --enable-multiarch --enable-languages=c c++ --disable-libstdcxx-verbose --enable-threads=posix --enable-gcov-custom-rtio --enable-libstdcxx-time=yes]
  ignore line: [Thread model: posix]
  ignore line: [gcc version 8.4.0 (crosstool-NG esp-2021r2) ]
  ignore line: [COLLECT_GCC_OPTIONS='-mlongcalls' '-v' '-o' 'CMakeFiles/cmTC_1e825.dir/CMakeCXXCompilerABI.cpp.obj' '-c']
  ignore line: [ /home/torstein/.espressif/tools/xtensa-esp32s2-elf/esp-2021r2-8.4.0/xtensa-esp32s2-elf/bin/../libexec/gcc/xtensa-esp32s2-elf/8.4.0/cc1plus -quiet -v -iprefix /home/torstein/.espressif/tools/xtensa-esp32s2-elf/esp-2021r2-8.4.0/xtensa-esp32s2-elf/bin/../lib/gcc/xtensa-esp32s2-elf/8.4.0/ /home/torstein/.espressif/tools/cmake/3.20.3/share/cmake-3.20/Modules/CMakeCXXCompilerABI.cpp -quiet -dumpbase CMakeCXXCompilerABI.cpp -mlongcalls -auxbase-strip CMakeFiles/cmTC_1e825.dir/CMakeCXXCompilerABI.cpp.obj -version -o /tmp/cc5no4cA.s]
  ignore line: [GNU C++14 (crosstool-NG esp-2021r2) version 8.4.0 (xtensa-esp32s2-elf)]
  ignore line: [	compiled by GNU C version 4.9.2  GMP version 6.2.0  MPFR version 4.0.2  MPC version 1.1.0  isl version isl-0.19-GMP]
  ignore line: []
  ignore line: [GGC heuristics: --param ggc-min-expand=100 --param ggc-min-heapsize=131072]
  ignore line: [ignoring duplicate directory "/home/torstein/.espressif/tools/xtensa-esp32s2-elf/esp-2021r2-8.4.0/xtensa-esp32s2-elf/bin/../lib/gcc/../../lib/gcc/xtensa-esp32s2-elf/8.4.0/../../../../xtensa-esp32s2-elf/include/c++/8.4.0"]
  ignore line: [ignoring duplicate directory "/home/torstein/.espressif/tools/xtensa-esp32s2-elf/esp-2021r2-8.4.0/xtensa-esp32s2-elf/bin/../lib/gcc/../../lib/gcc/xtensa-esp32s2-elf/8.4.0/../../../../xtensa-esp32s2-elf/include/c++/8.4.0/xtensa-esp32s2-elf"]
  ignore line: [ignoring duplicate directory "/home/torstein/.espressif/tools/xtensa-esp32s2-elf/esp-2021r2-8.4.0/xtensa-esp32s2-elf/bin/../lib/gcc/../../lib/gcc/xtensa-esp32s2-elf/8.4.0/../../../../xtensa-esp32s2-elf/include/c++/8.4.0/backward"]
  ignore line: [ignoring duplicate directory "/home/torstein/.espressif/tools/xtensa-esp32s2-elf/esp-2021r2-8.4.0/xtensa-esp32s2-elf/bin/../lib/gcc/../../lib/gcc/xtensa-esp32s2-elf/8.4.0/include"]
  ignore line: [ignoring duplicate directory "/home/torstein/.espressif/tools/xtensa-esp32s2-elf/esp-2021r2-8.4.0/xtensa-esp32s2-elf/bin/../lib/gcc/../../lib/gcc/xtensa-esp32s2-elf/8.4.0/include-fixed"]
  ignore line: [ignoring duplicate directory "/home/torstein/.espressif/tools/xtensa-esp32s2-elf/esp-2021r2-8.4.0/xtensa-esp32s2-elf/bin/../lib/gcc/../../lib/gcc/xtensa-esp32s2-elf/8.4.0/../../../../xtensa-esp32s2-elf/sys-include"]
  ignore line: [ignoring duplicate directory "/home/torstein/.espressif/tools/xtensa-esp32s2-elf/esp-2021r2-8.4.0/xtensa-esp32s2-elf/bin/../lib/gcc/../../lib/gcc/xtensa-esp32s2-elf/8.4.0/../../../../xtensa-esp32s2-elf/include"]
  ignore line: [#include "..." search starts here:]
  ignore line: [#include <...> search starts here:]
  ignore line: [ /home/torstein/.espressif/tools/xtensa-esp32s2-elf/esp-2021r2-8.4.0/xtensa-esp32s2-elf/bin/../lib/gcc/xtensa-esp32s2-elf/8.4.0/../../../../xtensa-esp32s2-elf/include/c++/8.4.0]
  ignore line: [ /home/torstein/.espressif/tools/xtensa-esp32s2-elf/esp-2021r2-8.4.0/xtensa-esp32s2-elf/bin/../lib/gcc/xtensa-esp32s2-elf/8.4.0/../../../../xtensa-esp32s2-elf/include/c++/8.4.0/xtensa-esp32s2-elf]
  ignore line: [ /home/torstein/.espressif/tools/xtensa-esp32s2-elf/esp-2021r2-8.4.0/xtensa-esp32s2-elf/bin/../lib/gcc/xtensa-esp32s2-elf/8.4.0/../../../../xtensa-esp32s2-elf/include/c++/8.4.0/backward]
  ignore line: [ /home/torstein/.espressif/tools/xtensa-esp32s2-elf/esp-2021r2-8.4.0/xtensa-esp32s2-elf/bin/../lib/gcc/xtensa-esp32s2-elf/8.4.0/include]
  ignore line: [ /home/torstein/.espressif/tools/xtensa-esp32s2-elf/esp-2021r2-8.4.0/xtensa-esp32s2-elf/bin/../lib/gcc/xtensa-esp32s2-elf/8.4.0/include-fixed]
  ignore line: [ /home/torstein/.espressif/tools/xtensa-esp32s2-elf/esp-2021r2-8.4.0/xtensa-esp32s2-elf/bin/../lib/gcc/xtensa-esp32s2-elf/8.4.0/../../../../xtensa-esp32s2-elf/sys-include]
  ignore line: [ /home/torstein/.espressif/tools/xtensa-esp32s2-elf/esp-2021r2-8.4.0/xtensa-esp32s2-elf/bin/../lib/gcc/xtensa-esp32s2-elf/8.4.0/../../../../xtensa-esp32s2-elf/include]
  ignore line: [End of search list.]
  ignore line: [GNU C++14 (crosstool-NG esp-2021r2) version 8.4.0 (xtensa-esp32s2-elf)]
  ignore line: [	compiled by GNU C version 4.9.2  GMP version 6.2.0  MPFR version 4.0.2  MPC version 1.1.0  isl version isl-0.19-GMP]
  ignore line: []
  ignore line: [GGC heuristics: --param ggc-min-expand=100 --param ggc-min-heapsize=131072]
  ignore line: [Compiler executable checksum: 748694a84f82788c6ad93b1189f893dc]
  ignore line: [COLLECT_GCC_OPTIONS='-mlongcalls' '-v' '-o' 'CMakeFiles/cmTC_1e825.dir/CMakeCXXCompilerABI.cpp.obj' '-c']
  ignore line: [ /home/torstein/.espressif/tools/xtensa-esp32s2-elf/esp-2021r2-8.4.0/xtensa-esp32s2-elf/bin/../lib/gcc/xtensa-esp32s2-elf/8.4.0/../../../../xtensa-esp32s2-elf/bin/as --traditional-format --longcalls -o CMakeFiles/cmTC_1e825.dir/CMakeCXXCompilerABI.cpp.obj /tmp/cc5no4cA.s]
  ignore line: [COMPILER_PATH=/home/torstein/.espressif/tools/xtensa-esp32s2-elf/esp-2021r2-8.4.0/xtensa-esp32s2-elf/bin/../libexec/gcc/xtensa-esp32s2-elf/8.4.0/:/home/torstein/.espressif/tools/xtensa-esp32s2-elf/esp-2021r2-8.4.0/xtensa-esp32s2-elf/bin/../libexec/gcc/:/home/torstein/.espressif/tools/xtensa-esp32s2-elf/esp-2021r2-8.4.0/xtensa-esp32s2-elf/bin/../lib/gcc/xtensa-esp32s2-elf/8.4.0/../../../../xtensa-esp32s2-elf/bin/]
  ignore line: [LIBRARY_PATH=/home/torstein/.espressif/tools/xtensa-esp32s2-elf/esp-2021r2-8.4.0/xtensa-esp32s2-elf/bin/../lib/gcc/xtensa-esp32s2-elf/8.4.0/:/home/torstein/.espressif/tools/xtensa-esp32s2-elf/esp-2021r2-8.4.0/xtensa-esp32s2-elf/bin/../lib/gcc/:/home/torstein/.espressif/tools/xtensa-esp32s2-elf/esp-2021r2-8.4.0/xtensa-esp32s2-elf/bin/../lib/gcc/xtensa-esp32s2-elf/8.4.0/../../../../xtensa-esp32s2-elf/lib/]
  ignore line: [COLLECT_GCC_OPTIONS='-mlongcalls' '-v' '-o' 'CMakeFiles/cmTC_1e825.dir/CMakeCXXCompilerABI.cpp.obj' '-c']
  ignore line: [[2/2] Linking CXX executable cmTC_1e825]
  ignore line: [Using built-in specs.]
  ignore line: [COLLECT_GCC=/home/torstein/.espressif/tools/xtensa-esp32s2-elf/esp-2021r2-8.4.0/xtensa-esp32s2-elf/bin/xtensa-esp32s2-elf-g++]
  ignore line: [COLLECT_LTO_WRAPPER=/home/torstein/.espressif/tools/xtensa-esp32s2-elf/esp-2021r2-8.4.0/xtensa-esp32s2-elf/bin/../libexec/gcc/xtensa-esp32s2-elf/8.4.0/lto-wrapper]
  ignore line: [Target: xtensa-esp32s2-elf]
  ignore line: [Configured with: /builds/idf/crosstool-NG/.build/xtensa-esp32s2-elf/src/gcc/configure --build=x86_64-build_pc-linux-gnu --host=x86_64-build_pc-linux-gnu --target=xtensa-esp32s2-elf --prefix=/builds/idf/crosstool-NG/builds/xtensa-esp32s2-elf --with-local-prefix=/builds/idf/crosstool-NG/builds/xtensa-esp32s2-elf/xtensa-esp32s2-elf --with-headers=/builds/idf/crosstool-NG/builds/xtensa-esp32s2-elf/xtensa-esp32s2-elf/include --with-newlib --enable-threads=no --disable-shared --with-pkgversion='crosstool-NG esp-2021r2' --disable-__cxa_atexit --enable-cxx-flags=-ffunction-sections --disable-libgomp --disable-libmudflap --disable-libmpx --disable-libssp --disable-libquadmath --disable-libquadmath-support --with-gmp=/builds/idf/crosstool-NG/.build/xtensa-esp32s2-elf/buildtools --with-mpfr=/builds/idf/crosstool-NG/.build/xtensa-esp32s2-elf/buildtools --with-mpc=/builds/idf/crosstool-NG/.build/xtensa-esp32s2-elf/buildtools --with-isl=/builds/idf/crosstool-NG/.build/xtensa-esp32s2-elf/buildtools --enable-lto --enable-target-optspace --without-long-double-128 --disable-nls --enable-multiarch --enable-languages=c c++ --disable-libstdcxx-verbose --enable-threads=posix --enable-gcov-custom-rtio --enable-libstdcxx-time=yes]
  ignore line: [Thread model: posix]
  ignore line: [gcc version 8.4.0 (crosstool-NG esp-2021r2) ]
  ignore line: [COMPILER_PATH=/home/torstein/.espressif/tools/xtensa-esp32s2-elf/esp-2021r2-8.4.0/xtensa-esp32s2-elf/bin/../libexec/gcc/xtensa-esp32s2-elf/8.4.0/:/home/torstein/.espressif/tools/xtensa-esp32s2-elf/esp-2021r2-8.4.0/xtensa-esp32s2-elf/bin/../libexec/gcc/:/home/torstein/.espressif/tools/xtensa-esp32s2-elf/esp-2021r2-8.4.0/xtensa-esp32s2-elf/bin/../lib/gcc/xtensa-esp32s2-elf/8.4.0/../../../../xtensa-esp32s2-elf/bin/]
  ignore line: [LIBRARY_PATH=/home/torstein/.espressif/tools/xtensa-esp32s2-elf/esp-2021r2-8.4.0/xtensa-esp32s2-elf/bin/../lib/gcc/xtensa-esp32s2-elf/8.4.0/:/home/torstein/.espressif/tools/xtensa-esp32s2-elf/esp-2021r2-8.4.0/xtensa-esp32s2-elf/bin/../lib/gcc/:/home/torstein/.espressif/tools/xtensa-esp32s2-elf/esp-2021r2-8.4.0/xtensa-esp32s2-elf/bin/../lib/gcc/xtensa-esp32s2-elf/8.4.0/../../../../xtensa-esp32s2-elf/lib/]
  ignore line: [COLLECT_GCC_OPTIONS='-mlongcalls' '-v' '-o' 'cmTC_1e825']
  link line: [ /home/torstein/.espressif/tools/xtensa-esp32s2-elf/esp-2021r2-8.4.0/xtensa-esp32s2-elf/bin/../libexec/gcc/xtensa-esp32s2-elf/8.4.0/collect2 -plugin /home/torstein/.espressif/tools/xtensa-esp32s2-elf/esp-2021r2-8.4.0/xtensa-esp32s2-elf/bin/../libexec/gcc/xtensa-esp32s2-elf/8.4.0/liblto_plugin.so -plugin-opt=/home/torstein/.espressif/tools/xtensa-esp32s2-elf/esp-2021r2-8.4.0/xtensa-esp32s2-elf/bin/../libexec/gcc/xtensa-esp32s2-elf/8.4.0/lto-wrapper -plugin-opt=-fresolution=/tmp/cc86qW92.res -plugin-opt=-pass-through=-lgcc -plugin-opt=-pass-through=-lc -plugin-opt=-pass-through=-lnosys -plugin-opt=-pass-through=-lc -plugin-opt=-pass-through=-lgcc -o cmTC_1e825 /home/torstein/.espressif/tools/xtensa-esp32s2-elf/esp-2021r2-8.4.0/xtensa-esp32s2-elf/bin/../lib/gcc/xtensa-esp32s2-elf/8.4.0/../../../../xtensa-esp32s2-elf/lib/crt0.o /home/torstein/.espressif/tools/xtensa-esp32s2-elf/esp-2021r2-8.4.0/xtensa-esp32s2-elf/bin/../lib/gcc/xtensa-esp32s2-elf/8.4.0/crti.o /home/torstein/.espressif/tools/xtensa-esp32s2-elf/esp-2021r2-8.4.0/xtensa-esp32s2-elf/bin/../lib/gcc/xtensa-esp32s2-elf/8.4.0/crtbegin.o -L/home/torstein/.espressif/tools/xtensa-esp32s2-elf/esp-2021r2-8.4.0/xtensa-esp32s2-elf/bin/../lib/gcc/xtensa-esp32s2-elf/8.4.0 -L/home/torstein/.espressif/tools/xtensa-esp32s2-elf/esp-2021r2-8.4.0/xtensa-esp32s2-elf/bin/../lib/gcc -L/home/torstein/.espressif/tools/xtensa-esp32s2-elf/esp-2021r2-8.4.0/xtensa-esp32s2-elf/bin/../lib/gcc/xtensa-esp32s2-elf/8.4.0/../../../../xtensa-esp32s2-elf/lib CMakeFiles/cmTC_1e825.dir/CMakeCXXCompilerABI.cpp.obj -lstdc++ -lm -lgcc -lc -lnosys -lc -lgcc /home/torstein/.espressif/tools/xtensa-esp32s2-elf/esp-2021r2-8.4.0/xtensa-esp32s2-elf/bin/../lib/gcc/xtensa-esp32s2-elf/8.4.0/crtend.o /home/torstein/.espressif/tools/xtensa-esp32s2-elf/esp-2021r2-8.4.0/xtensa-esp32s2-elf/bin/../lib/gcc/xtensa-esp32s2-elf/8.4.0/crtn.o]
    arg [/home/torstein/.espressif/tools/xtensa-esp32s2-elf/esp-2021r2-8.4.0/xtensa-esp32s2-elf/bin/../libexec/gcc/xtensa-esp32s2-elf/8.4.0/collect2] ==> ignore
    arg [-plugin] ==> ignore
    arg [/home/torstein/.espressif/tools/xtensa-esp32s2-elf/esp-2021r2-8.4.0/xtensa-esp32s2-elf/bin/../libexec/gcc/xtensa-esp32s2-elf/8.4.0/liblto_plugin.so] ==> ignore
    arg [-plugin-opt=/home/torstein/.espressif/tools/xtensa-esp32s2-elf/esp-2021r2-8.4.0/xtensa-esp32s2-elf/bin/../libexec/gcc/xtensa-esp32s2-elf/8.4.0/lto-wrapper] ==> ignore
    arg [-plugin-opt=-fresolution=/tmp/cc86qW92.res] ==> ignore
    arg [-plugin-opt=-pass-through=-lgcc] ==> ignore
    arg [-plugin-opt=-pass-through=-lc] ==> ignore
    arg [-plugin-opt=-pass-through=-lnosys] ==> ignore
    arg [-plugin-opt=-pass-through=-lc] ==> ignore
    arg [-plugin-opt=-pass-through=-lgcc] ==> ignore
    arg [-o] ==> ignore
    arg [cmTC_1e825] ==> ignore
    arg [/home/torstein/.espressif/tools/xtensa-esp32s2-elf/esp-2021r2-8.4.0/xtensa-esp32s2-elf/bin/../lib/gcc/xtensa-esp32s2-elf/8.4.0/../../../../xtensa-esp32s2-elf/lib/crt0.o] ==> obj [/home/torstein/.espressif/tools/xtensa-esp32s2-elf/esp-2021r2-8.4.0/xtensa-esp32s2-elf/bin/../lib/gcc/xtensa-esp32s2-elf/8.4.0/../../../../xtensa-esp32s2-elf/lib/crt0.o]
    arg [/home/torstein/.espressif/tools/xtensa-esp32s2-elf/esp-2021r2-8.4.0/xtensa-esp32s2-elf/bin/../lib/gcc/xtensa-esp32s2-elf/8.4.0/crti.o] ==> obj [/home/torstein/.espressif/tools/xtensa-esp32s2-elf/esp-2021r2-8.4.0/xtensa-esp32s2-elf/bin/../lib/gcc/xtensa-esp32s2-elf/8.4.0/crti.o]
    arg [/home/torstein/.espressif/tools/xtensa-esp32s2-elf/esp-2021r2-8.4.0/xtensa-esp32s2-elf/bin/../lib/gcc/xtensa-esp32s2-elf/8.4.0/crtbegin.o] ==> obj [/home/torstein/.espressif/tools/xtensa-esp32s2-elf/esp-2021r2-8.4.0/xtensa-esp32s2-elf/bin/../lib/gcc/xtensa-esp32s2-elf/8.4.0/crtbegin.o]
    arg [-L/home/torstein/.espressif/tools/xtensa-esp32s2-elf/esp-2021r2-8.4.0/xtensa-esp32s2-elf/bin/../lib/gcc/xtensa-esp32s2-elf/8.4.0] ==> dir [/home/torstein/.espressif/tools/xtensa-esp32s2-elf/esp-2021r2-8.4.0/xtensa-esp32s2-elf/bin/../lib/gcc/xtensa-esp32s2-elf/8.4.0]
    arg [-L/home/torstein/.espressif/tools/xtensa-esp32s2-elf/esp-2021r2-8.4.0/xtensa-esp32s2-elf/bin/../lib/gcc] ==> dir [/home/torstein/.espressif/tools/xtensa-esp32s2-elf/esp-2021r2-8.4.0/xtensa-esp32s2-elf/bin/../lib/gcc]
    arg [-L/home/torstein/.espressif/tools/xtensa-esp32s2-elf/esp-2021r2-8.4.0/xtensa-esp32s2-elf/bin/../lib/gcc/xtensa-esp32s2-elf/8.4.0/../../../../xtensa-esp32s2-elf/lib] ==> dir [/home/torstein/.espressif/tools/xtensa-esp32s2-elf/esp-2021r2-8.4.0/xtensa-esp32s2-elf/bin/../lib/gcc/xtensa-esp32s2-elf/8.4.0/../../../../xtensa-esp32s2-elf/lib]
    arg [CMakeFiles/cmTC_1e825.dir/CMakeCXXCompilerABI.cpp.obj] ==> ignore
    arg [-lstdc++] ==> lib [stdc++]
    arg [-lm] ==> lib [m]
    arg [-lgcc] ==> lib [gcc]
    arg [-lc] ==> lib [c]
    arg [-lnosys] ==> lib [nosys]
    arg [-lc] ==> lib [c]
    arg [-lgcc] ==> lib [gcc]
    arg [/home/torstein/.espressif/tools/xtensa-esp32s2-elf/esp-2021r2-8.4.0/xtensa-esp32s2-elf/bin/../lib/gcc/xtensa-esp32s2-elf/8.4.0/crtend.o] ==> obj [/home/torstein/.espressif/tools/xtensa-esp32s2-elf/esp-2021r2-8.4.0/xtensa-esp32s2-elf/bin/../lib/gcc/xtensa-esp32s2-elf/8.4.0/crtend.o]
    arg [/home/torstein/.espressif/tools/xtensa-esp32s2-elf/esp-2021r2-8.4.0/xtensa-esp32s2-elf/bin/../lib/gcc/xtensa-esp32s2-elf/8.4.0/crtn.o] ==> obj [/home/torstein/.espressif/tools/xtensa-esp32s2-elf/esp-2021r2-8.4.0/xtensa-esp32s2-elf/bin/../lib/gcc/xtensa-esp32s2-elf/8.4.0/crtn.o]
  collapse obj [/home/torstein/.espressif/tools/xtensa-esp32s2-elf/esp-2021r2-8.4.0/xtensa-esp32s2-elf/bin/../lib/gcc/xtensa-esp32s2-elf/8.4.0/../../../../xtensa-esp32s2-elf/lib/crt0.o] ==> [/home/torstein/.espressif/tools/xtensa-esp32s2-elf/esp-2021r2-8.4.0/xtensa-esp32s2-elf/xtensa-esp32s2-elf/lib/crt0.o]
  collapse obj [/home/torstein/.espressif/tools/xtensa-esp32s2-elf/esp-2021r2-8.4.0/xtensa-esp32s2-elf/bin/../lib/gcc/xtensa-esp32s2-elf/8.4.0/crti.o] ==> [/home/torstein/.espressif/tools/xtensa-esp32s2-elf/esp-2021r2-8.4.0/xtensa-esp32s2-elf/lib/gcc/xtensa-esp32s2-elf/8.4.0/crti.o]
  collapse obj [/home/torstein/.espressif/tools/xtensa-esp32s2-elf/esp-2021r2-8.4.0/xtensa-esp32s2-elf/bin/../lib/gcc/xtensa-esp32s2-elf/8.4.0/crtbegin.o] ==> [/home/torstein/.espressif/tools/xtensa-esp32s2-elf/esp-2021r2-8.4.0/xtensa-esp32s2-elf/lib/gcc/xtensa-esp32s2-elf/8.4.0/crtbegin.o]
  collapse obj [/home/torstein/.espressif/tools/xtensa-esp32s2-elf/esp-2021r2-8.4.0/xtensa-esp32s2-elf/bin/../lib/gcc/xtensa-esp32s2-elf/8.4.0/crtend.o] ==> [/home/torstein/.espressif/tools/xtensa-esp32s2-elf/esp-2021r2-8.4.0/xtensa-esp32s2-elf/lib/gcc/xtensa-esp32s2-elf/8.4.0/crtend.o]
  collapse obj [/home/torstein/.espressif/tools/xtensa-esp32s2-elf/esp-2021r2-8.4.0/xtensa-esp32s2-elf/bin/../lib/gcc/xtensa-esp32s2-elf/8.4.0/crtn.o] ==> [/home/torstein/.espressif/tools/xtensa-esp32s2-elf/esp-2021r2-8.4.0/xtensa-esp32s2-elf/lib/gcc/xtensa-esp32s2-elf/8.4.0/crtn.o]
  collapse library dir [/home/torstein/.espressif/tools/xtensa-esp32s2-elf/esp-2021r2-8.4.0/xtensa-esp32s2-elf/bin/../lib/gcc/xtensa-esp32s2-elf/8.4.0] ==> [/home/torstein/.espressif/tools/xtensa-esp32s2-elf/esp-2021r2-8.4.0/xtensa-esp32s2-elf/lib/gcc/xtensa-esp32s2-elf/8.4.0]
  collapse library dir [/home/torstein/.espressif/tools/xtensa-esp32s2-elf/esp-2021r2-8.4.0/xtensa-esp32s2-elf/bin/../lib/gcc] ==> [/home/torstein/.espressif/tools/xtensa-esp32s2-elf/esp-2021r2-8.4.0/xtensa-esp32s2-elf/lib/gcc]
  collapse library dir [/home/torstein/.espressif/tools/xtensa-esp32s2-elf/esp-2021r2-8.4.0/xtensa-esp32s2-elf/bin/../lib/gcc/xtensa-esp32s2-elf/8.4.0/../../../../xtensa-esp32s2-elf/lib] ==> [/home/torstein/.espressif/tools/xtensa-esp32s2-elf/esp-2021r2-8.4.0/xtensa-esp32s2-elf/xtensa-esp32s2-elf/lib]
  implicit libs: [stdc++;m;gcc;c;nosys;c;gcc]
  implicit objs: [/home/torstein/.espressif/tools/xtensa-esp32s2-elf/esp-2021r2-8.4.0/xtensa-esp32s2-elf/xtensa-esp32s2-elf/lib/crt0.o;/home/torstein/.espressif/tools/xtensa-esp32s2-elf/esp-2021r2-8.4.0/xtensa-esp32s2-elf/lib/gcc/xtensa-esp32s2-elf/8.4.0/crti.o;/home/torstein/.espressif/tools/xtensa-esp32s2-elf/esp-2021r2-8.4.0/xtensa-esp32s2-elf/lib/gcc/xtensa-esp32s2-elf/8.4.0/crtbegin.o;/home/torstein/.espressif/tools/xtensa-esp32s2-elf/esp-2021r2-8.4.0/xtensa-esp32s2-elf/lib/gcc/xtensa-esp32s2-elf/8.4.0/crtend.o;/home/torstein/.espressif/tools/xtensa-esp32s2-elf/esp-2021r2-8.4.0/xtensa-esp32s2-elf/lib/gcc/xtensa-esp32s2-elf/8.4.0/crtn.o]
  implicit dirs: [/home/torstein/.espressif/tools/xtensa-esp32s2-elf/esp-2021r2-8.4.0/xtensa-esp32s2-elf/lib/gcc/xtensa-esp32s2-elf/8.4.0;/home/torstein/.espressif/tools/xtensa-esp32s2-elf/esp-2021r2-8.4.0/xtensa-esp32s2-elf/lib/gcc;/home/torstein/.espressif/tools/xtensa-esp32s2-elf/esp-2021r2-8.4.0/xtensa-esp32s2-elf/xtensa-esp32s2-elf/lib]
  implicit fwks: []


